-- The C compiler identification is GNU 9.4.0
-- The CXX compiler identification is GNU 9.4.0
-- Check for working C compiler: /usr/bin/cc
-- Check for working C compiler: /usr/bin/cc -- works
-- Detecting C compiler ABI info
-- Detecting C compiler ABI info - done
-- Detecting C compile features
-- Detecting C compile features - done
-- Check for working CXX compiler: /usr/bin/c++
-- Check for working CXX compiler: /usr/bin/c++ -- works
-- Detecting CXX compiler ABI info
-- Detecting CXX compiler ABI info - done
-- Detecting CXX compile features
-- Detecting CXX compile features - done
-- Found ament_cmake: 0.9.12 (/opt/ros/foxy/share/ament_cmake/cmake)
-- Found PythonInterp: /home/unitree/miniconda3/envs/go2_rc/bin/python3 (found suitable version "3.8.20", minimum required is "3") 
-- Using PYTHON_EXECUTABLE: /home/unitree/miniconda3/envs/go2_rc/bin/python3
-- Found rosidl_default_generators: 1.0.1 (/opt/ros/foxy/share/rosidl_default_generators/cmake)
-- Using all available rosidl_typesupport_c: rosidl_typesupport_fastrtps_c;rosidl_typesupport_introspection_c
-- Found rosidl_adapter: 1.3.1 (/opt/ros/foxy/share/rosidl_adapter/cmake)
-- Found OpenSSL: /usr/lib/aarch64-linux-gnu/libcrypto.so (found version "1.1.1f")  
-- Found FastRTPS: /opt/ros/foxy/include  
-- Using all available rosidl_typesupport_cpp: rosidl_typesupport_fastrtps_cpp;rosidl_typesupport_introspection_cpp
-- Found PythonInterp: /home/unitree/miniconda3/envs/go2_rc/bin/python3 (found version "3.8.20") 
-- Found ament_cmake_ros: 0.9.2 (/opt/ros/foxy/share/ament_cmake_ros/cmake)
-- Using all available rosidl_typesupport_c: rosidl_typesupport_fastrtps_c;rosidl_typesupport_introspection_c
-- Using all available rosidl_typesupport_cpp: rosidl_typesupport_fastrtps_cpp;rosidl_typesupport_introspection_cpp
-- Found PythonInterp: /home/unitree/miniconda3/envs/go2_rc/bin/python3 (found suitable version "3.8.20", minimum required is "3.5") 
-- Found python_cmake_module: 0.8.1 (/opt/ros/foxy/share/python_cmake_module/cmake)
-- Found PythonLibs: /home/unitree/miniconda3/envs/go2_rc/lib/libpython3.8.so (found suitable version "3.8.20", minimum required is "3.5") 
-- Using PYTHON_EXECUTABLE: /home/unitree/miniconda3/envs/go2_rc/bin/python3
-- Using PYTHON_INCLUDE_DIRS: /home/unitree/miniconda3/envs/go2_rc/include/python3.8
-- Using PYTHON_LIBRARIES: /home/unitree/miniconda3/envs/go2_rc/lib/libpython3.8.so
-- Found PythonExtra: .so  
-- Found ament_lint_auto: 0.9.8 (/opt/ros/foxy/share/ament_lint_auto/cmake)
-- Added test 'lint_cmake' to check CMake code style
-- Added test 'xmllint' to check XML markup files
-- Configuring done
-- Generating done
-- Build files have been written to: /home/unitree/projects/ModelServer/src/ModelServer/models/go2/spacemouse/ros2/build/robot_state
[  2%] [34m[1mGenerating C code for ROS interfaces[0m
[35m[1mScanning dependencies of target robot_state__cpp[0m
[  4%] [34m[1mGenerating C++ code for ROS interfaces[0m
[  4%] Built target robot_state__cpp
[  6%] [34m[1mGenerating C++ type support dispatch for ROS interfaces[0m
[  8%] [34m[1mGenerating C++ type support for eProsima Fast-RTPS[0m
[35m[1mScanning dependencies of target robot_state__rosidl_generator_c[0m
[ 10%] [34m[1mGenerating C++ introspection for ROS interfaces[0m
[ 12%] [32mBuilding C object CMakeFiles/robot_state__rosidl_generator_c.dir/rosidl_generator_c/robot_state/msg/detail/eef_state__functions.c.o[0m
[ 14%] [32mBuilding C object CMakeFiles/robot_state__rosidl_generator_c.dir/rosidl_generator_c/robot_state/msg/detail/eef_traj__functions.c.o[0m
[ 17%] [32mBuilding C object CMakeFiles/robot_state__rosidl_generator_c.dir/rosidl_generator_c/robot_state/msg/detail/pose_multi_stamped__functions.c.o[0m
[ 19%] [32m[1mLinking C shared library librobot_state__rosidl_generator_c.so[0m
[ 19%] Built target robot_state__rosidl_generator_c
[ 21%] [34m[1mGenerating C introspection for ROS interfaces[0m
[35m[1mScanning dependencies of target robot_state__rosidl_typesupport_cpp[0m
[ 23%] [32mBuilding CXX object CMakeFiles/robot_state__rosidl_typesupport_cpp.dir/rosidl_typesupport_cpp/robot_state/msg/eef_state__type_support.cpp.o[0m
[35m[1mScanning dependencies of target robot_state__rosidl_typesupport_introspection_cpp[0m
[ 25%] [32mBuilding CXX object CMakeFiles/robot_state__rosidl_typesupport_introspection_cpp.dir/rosidl_typesupport_introspection_cpp/robot_state/msg/detail/eef_state__type_support.cpp.o[0m
[35m[1mScanning dependencies of target robot_state__rosidl_typesupport_fastrtps_cpp[0m
[ 27%] [32mBuilding CXX object CMakeFiles/robot_state__rosidl_typesupport_fastrtps_cpp.dir/rosidl_typesupport_fastrtps_cpp/robot_state/msg/detail/dds_fastrtps/eef_state__type_support.cpp.o[0m
[ 29%] [32mBuilding CXX object CMakeFiles/robot_state__rosidl_typesupport_cpp.dir/rosidl_typesupport_cpp/robot_state/msg/eef_traj__type_support.cpp.o[0m
[ 31%] [32mBuilding CXX object CMakeFiles/robot_state__rosidl_typesupport_introspection_cpp.dir/rosidl_typesupport_introspection_cpp/robot_state/msg/detail/eef_traj__type_support.cpp.o[0m
[35m[1mScanning dependencies of target robot_state__rosidl_typesupport_introspection_c[0m
[ 34%] [32mBuilding C object CMakeFiles/robot_state__rosidl_typesupport_introspection_c.dir/rosidl_typesupport_introspection_c/robot_state/msg/detail/eef_state__type_support.c.o[0m
[ 36%] [32mBuilding C object CMakeFiles/robot_state__rosidl_typesupport_introspection_c.dir/rosidl_typesupport_introspection_c/robot_state/msg/detail/eef_traj__type_support.c.o[0m
[ 38%] [32mBuilding CXX object CMakeFiles/robot_state__rosidl_typesupport_fastrtps_cpp.dir/rosidl_typesupport_fastrtps_cpp/robot_state/msg/detail/dds_fastrtps/eef_traj__type_support.cpp.o[0m
[ 40%] [32mBuilding C object CMakeFiles/robot_state__rosidl_typesupport_introspection_c.dir/rosidl_typesupport_introspection_c/robot_state/msg/detail/pose_multi_stamped__type_support.c.o[0m
[ 42%] [32m[1mLinking C shared library librobot_state__rosidl_typesupport_introspection_c.so[0m
[ 42%] Built target robot_state__rosidl_typesupport_introspection_c
[ 44%] [32mBuilding CXX object CMakeFiles/robot_state__rosidl_typesupport_fastrtps_cpp.dir/rosidl_typesupport_fastrtps_cpp/robot_state/msg/detail/dds_fastrtps/pose_multi_stamped__type_support.cpp.o[0m
[ 46%] [32mBuilding CXX object CMakeFiles/robot_state__rosidl_typesupport_cpp.dir/rosidl_typesupport_cpp/robot_state/msg/pose_multi_stamped__type_support.cpp.o[0m
[ 48%] [32mBuilding CXX object CMakeFiles/robot_state__rosidl_typesupport_introspection_cpp.dir/rosidl_typesupport_introspection_cpp/robot_state/msg/detail/pose_multi_stamped__type_support.cpp.o[0m
[ 51%] [32m[1mLinking CXX shared library librobot_state__rosidl_typesupport_cpp.so[0m
[ 53%] [32m[1mLinking CXX shared library librobot_state__rosidl_typesupport_introspection_cpp.so[0m
[ 55%] [34m[1mGenerating C type support dispatch for ROS interfaces[0m
[ 55%] Built target robot_state__rosidl_typesupport_cpp
[ 57%] [32m[1mLinking CXX shared library librobot_state__rosidl_typesupport_fastrtps_cpp.so[0m
[ 57%] Built target robot_state__rosidl_typesupport_introspection_cpp
[ 57%] Built target robot_state__rosidl_typesupport_fastrtps_cpp
[ 59%] [34m[1mGenerating C type support for eProsima Fast-RTPS[0m
[35m[1mScanning dependencies of target robot_state__rosidl_typesupport_c[0m
[ 61%] [32mBuilding CXX object CMakeFiles/robot_state__rosidl_typesupport_c.dir/rosidl_typesupport_c/robot_state/msg/pose_multi_stamped__type_support.cpp.o[0m
[ 63%] [32mBuilding CXX object CMakeFiles/robot_state__rosidl_typesupport_c.dir/rosidl_typesupport_c/robot_state/msg/eef_state__type_support.cpp.o[0m
[ 65%] [32mBuilding CXX object CMakeFiles/robot_state__rosidl_typesupport_c.dir/rosidl_typesupport_c/robot_state/msg/eef_traj__type_support.cpp.o[0m
[ 68%] [32m[1mLinking CXX shared library librobot_state__rosidl_typesupport_c.so[0m
[ 68%] Built target robot_state__rosidl_typesupport_c
[35m[1mScanning dependencies of target robot_state__rosidl_typesupport_fastrtps_c[0m
[ 70%] [32mBuilding CXX object CMakeFiles/robot_state__rosidl_typesupport_fastrtps_c.dir/rosidl_typesupport_fastrtps_c/robot_state/msg/detail/eef_state__type_support_c.cpp.o[0m
[ 72%] [32mBuilding CXX object CMakeFiles/robot_state__rosidl_typesupport_fastrtps_c.dir/rosidl_typesupport_fastrtps_c/robot_state/msg/detail/pose_multi_stamped__type_support_c.cpp.o[0m
[ 74%] [32mBuilding CXX object CMakeFiles/robot_state__rosidl_typesupport_fastrtps_c.dir/rosidl_typesupport_fastrtps_c/robot_state/msg/detail/eef_traj__type_support_c.cpp.o[0m
[ 76%] [32m[1mLinking CXX shared library librobot_state__rosidl_typesupport_fastrtps_c.so[0m
[ 76%] Built target robot_state__rosidl_typesupport_fastrtps_c
[35m[1mScanning dependencies of target robot_state[0m
[ 76%] Built target robot_state
[35m[1mScanning dependencies of target robot_state__py[0m
[ 78%] [34m[1mGenerating Python code for ROS interfaces[0m
[ 78%] Built target robot_state__py
[35m[1mScanning dependencies of target robot_state__python[0m
[ 80%] [32mBuilding C object CMakeFiles/robot_state__python.dir/rosidl_generator_py/robot_state/msg/_eef_state_s.c.o[0m
[ 82%] [32mBuilding C object CMakeFiles/robot_state__python.dir/rosidl_generator_py/robot_state/msg/_pose_multi_stamped_s.c.o[0m
[ 85%] [32mBuilding C object CMakeFiles/robot_state__python.dir/rosidl_generator_py/robot_state/msg/_eef_traj_s.c.o[0m
[ 87%] [32m[1mLinking C shared library rosidl_generator_py/robot_state/librobot_state__python.so[0m
[ 87%] Built target robot_state__python
[35m[1mScanning dependencies of target robot_state__rosidl_typesupport_fastrtps_c__pyext[0m
[35m[1mScanning dependencies of target robot_state__rosidl_typesupport_c__pyext[0m
[35m[1mScanning dependencies of target robot_state__rosidl_typesupport_introspection_c__pyext[0m
[ 91%] [32mBuilding C object CMakeFiles/robot_state__rosidl_typesupport_introspection_c__pyext.dir/rosidl_generator_py/robot_state/_robot_state_s.ep.rosidl_typesupport_introspection_c.c.o[0m
[ 91%] [32mBuilding C object CMakeFiles/robot_state__rosidl_typesupport_fastrtps_c__pyext.dir/rosidl_generator_py/robot_state/_robot_state_s.ep.rosidl_typesupport_fastrtps_c.c.o[0m
[ 93%] [32mBuilding C object CMakeFiles/robot_state__rosidl_typesupport_c__pyext.dir/rosidl_generator_py/robot_state/_robot_state_s.ep.rosidl_typesupport_c.c.o[0m
[ 95%] [32m[1mLinking C shared library rosidl_generator_py/robot_state/robot_state_s__rosidl_typesupport_introspection_c.cpython-38-aarch64-linux-gnu.so[0m
[ 97%] [32m[1mLinking C shared library rosidl_generator_py/robot_state/robot_state_s__rosidl_typesupport_c.cpython-38-aarch64-linux-gnu.so[0m
[100%] [32m[1mLinking CXX shared library rosidl_generator_py/robot_state/robot_state_s__rosidl_typesupport_fastrtps_c.cpython-38-aarch64-linux-gnu.so[0m
[100%] Built target robot_state__rosidl_typesupport_introspection_c__pyext
[100%] Built target robot_state__rosidl_typesupport_c__pyext
[100%] Built target robot_state__rosidl_typesupport_fastrtps_c__pyext
-- Install configuration: ""
-- Installing: /home/unitree/projects/ModelServer/src/ModelServer/models/go2/spacemouse/ros2/install/robot_state/share/ament_index/resource_index/rosidl_interfaces/robot_state
-- Installing: /home/unitree/projects/ModelServer/src/ModelServer/models/go2/spacemouse/ros2/install/robot_state/include/robot_state
-- Installing: /home/unitree/projects/ModelServer/src/ModelServer/models/go2/spacemouse/ros2/install/robot_state/include/robot_state/msg
-- Installing: /home/unitree/projects/ModelServer/src/ModelServer/models/go2/spacemouse/ros2/install/robot_state/include/robot_state/msg/rosidl_generator_c__visibility_control.h
-- Installing: /home/unitree/projects/ModelServer/src/ModelServer/models/go2/spacemouse/ros2/install/robot_state/include/robot_state/msg/pose_multi_stamped.h
-- Installing: /home/unitree/projects/ModelServer/src/ModelServer/models/go2/spacemouse/ros2/install/robot_state/include/robot_state/msg/detail
-- Installing: /home/unitree/projects/ModelServer/src/ModelServer/models/go2/spacemouse/ros2/install/robot_state/include/robot_state/msg/detail/eef_state__type_support.h
-- Installing: /home/unitree/projects/ModelServer/src/ModelServer/models/go2/spacemouse/ros2/install/robot_state/include/robot_state/msg/detail/eef_state__struct.h
-- Installing: /home/unitree/projects/ModelServer/src/ModelServer/models/go2/spacemouse/ros2/install/robot_state/include/robot_state/msg/detail/eef_state__functions.h
-- Installing: /home/unitree/projects/ModelServer/src/ModelServer/models/go2/spacemouse/ros2/install/robot_state/include/robot_state/msg/detail/pose_multi_stamped__functions.h
-- Installing: /home/unitree/projects/ModelServer/src/ModelServer/models/go2/spacemouse/ros2/install/robot_state/include/robot_state/msg/detail/pose_multi_stamped__type_support.h
-- Installing: /home/unitree/projects/ModelServer/src/ModelServer/models/go2/spacemouse/ros2/install/robot_state/include/robot_state/msg/detail/pose_multi_stamped__functions.c
-- Installing: /home/unitree/projects/ModelServer/src/ModelServer/models/go2/spacemouse/ros2/install/robot_state/include/robot_state/msg/detail/eef_traj__functions.h
-- Installing: /home/unitree/projects/ModelServer/src/ModelServer/models/go2/spacemouse/ros2/install/robot_state/include/robot_state/msg/detail/eef_traj__struct.h
-- Installing: /home/unitree/projects/ModelServer/src/ModelServer/models/go2/spacemouse/ros2/install/robot_state/include/robot_state/msg/detail/pose_multi_stamped__struct.h
-- Installing: /home/unitree/projects/ModelServer/src/ModelServer/models/go2/spacemouse/ros2/install/robot_state/include/robot_state/msg/detail/eef_state__functions.c
-- Installing: /home/unitree/projects/ModelServer/src/ModelServer/models/go2/spacemouse/ros2/install/robot_state/include/robot_state/msg/detail/eef_traj__functions.c
-- Installing: /home/unitree/projects/ModelServer/src/ModelServer/models/go2/spacemouse/ros2/install/robot_state/include/robot_state/msg/detail/eef_traj__type_support.h
-- Installing: /home/unitree/projects/ModelServer/src/ModelServer/models/go2/spacemouse/ros2/install/robot_state/include/robot_state/msg/eef_state.h
-- Installing: /home/unitree/projects/ModelServer/src/ModelServer/models/go2/spacemouse/ros2/install/robot_state/include/robot_state/msg/eef_traj.h
-- Installing: /home/unitree/projects/ModelServer/src/ModelServer/models/go2/spacemouse/ros2/install/robot_state/share/robot_state/environment/library_path.sh
-- Installing: /home/unitree/projects/ModelServer/src/ModelServer/models/go2/spacemouse/ros2/install/robot_state/share/robot_state/environment/library_path.dsv
-- Installing: /home/unitree/projects/ModelServer/src/ModelServer/models/go2/spacemouse/ros2/install/robot_state/lib/librobot_state__rosidl_generator_c.so
-- Set runtime path of "/home/unitree/projects/ModelServer/src/ModelServer/models/go2/spacemouse/ros2/install/robot_state/lib/librobot_state__rosidl_generator_c.so" to ""
-- Up-to-date: /home/unitree/projects/ModelServer/src/ModelServer/models/go2/spacemouse/ros2/install/robot_state/include/robot_state
-- Up-to-date: /home/unitree/projects/ModelServer/src/ModelServer/models/go2/spacemouse/ros2/install/robot_state/include/robot_state/msg
-- Installing: /home/unitree/projects/ModelServer/src/ModelServer/models/go2/spacemouse/ros2/install/robot_state/include/robot_state/msg/rosidl_typesupport_fastrtps_c__visibility_control.h
-- Up-to-date: /home/unitree/projects/ModelServer/src/ModelServer/models/go2/spacemouse/ros2/install/robot_state/include/robot_state/msg/detail
-- Installing: /home/unitree/projects/ModelServer/src/ModelServer/models/go2/spacemouse/ros2/install/robot_state/include/robot_state/msg/detail/eef_state__rosidl_typesupport_fastrtps_c.h
-- Installing: /home/unitree/projects/ModelServer/src/ModelServer/models/go2/spacemouse/ros2/install/robot_state/include/robot_state/msg/detail/pose_multi_stamped__rosidl_typesupport_fastrtps_c.h
-- Installing: /home/unitree/projects/ModelServer/src/ModelServer/models/go2/spacemouse/ros2/install/robot_state/include/robot_state/msg/detail/eef_traj__rosidl_typesupport_fastrtps_c.h
-- Installing: /home/unitree/projects/ModelServer/src/ModelServer/models/go2/spacemouse/ros2/install/robot_state/lib/librobot_state__rosidl_typesupport_fastrtps_c.so
-- Set runtime path of "/home/unitree/projects/ModelServer/src/ModelServer/models/go2/spacemouse/ros2/install/robot_state/lib/librobot_state__rosidl_typesupport_fastrtps_c.so" to ""
-- Up-to-date: /home/unitree/projects/ModelServer/src/ModelServer/models/go2/spacemouse/ros2/install/robot_state/include/robot_state
-- Up-to-date: /home/unitree/projects/ModelServer/src/ModelServer/models/go2/spacemouse/ros2/install/robot_state/include/robot_state/msg
-- Installing: /home/unitree/projects/ModelServer/src/ModelServer/models/go2/spacemouse/ros2/install/robot_state/include/robot_state/msg/rosidl_typesupport_fastrtps_cpp__visibility_control.h
-- Up-to-date: /home/unitree/projects/ModelServer/src/ModelServer/models/go2/spacemouse/ros2/install/robot_state/include/robot_state/msg/detail
-- Installing: /home/unitree/projects/ModelServer/src/ModelServer/models/go2/spacemouse/ros2/install/robot_state/include/robot_state/msg/detail/pose_multi_stamped__rosidl_typesupport_fastrtps_cpp.hpp
-- Installing: /home/unitree/projects/ModelServer/src/ModelServer/models/go2/spacemouse/ros2/install/robot_state/include/robot_state/msg/detail/eef_traj__rosidl_typesupport_fastrtps_cpp.hpp
-- Installing: /home/unitree/projects/ModelServer/src/ModelServer/models/go2/spacemouse/ros2/install/robot_state/include/robot_state/msg/detail/eef_state__rosidl_typesupport_fastrtps_cpp.hpp
-- Installing: /home/unitree/projects/ModelServer/src/ModelServer/models/go2/spacemouse/ros2/install/robot_state/include/robot_state/msg/detail/dds_fastrtps
-- Installing: /home/unitree/projects/ModelServer/src/ModelServer/models/go2/spacemouse/ros2/install/robot_state/lib/librobot_state__rosidl_typesupport_fastrtps_cpp.so
-- Set runtime path of "/home/unitree/projects/ModelServer/src/ModelServer/models/go2/spacemouse/ros2/install/robot_state/lib/librobot_state__rosidl_typesupport_fastrtps_cpp.so" to ""
-- Up-to-date: /home/unitree/projects/ModelServer/src/ModelServer/models/go2/spacemouse/ros2/install/robot_state/include/robot_state
-- Up-to-date: /home/unitree/projects/ModelServer/src/ModelServer/models/go2/spacemouse/ros2/install/robot_state/include/robot_state/msg
-- Installing: /home/unitree/projects/ModelServer/src/ModelServer/models/go2/spacemouse/ros2/install/robot_state/include/robot_state/msg/rosidl_typesupport_introspection_c__visibility_control.h
-- Up-to-date: /home/unitree/projects/ModelServer/src/ModelServer/models/go2/spacemouse/ros2/install/robot_state/include/robot_state/msg/detail
-- Installing: /home/unitree/projects/ModelServer/src/ModelServer/models/go2/spacemouse/ros2/install/robot_state/include/robot_state/msg/detail/pose_multi_stamped__type_support.c
-- Installing: /home/unitree/projects/ModelServer/src/ModelServer/models/go2/spacemouse/ros2/install/robot_state/include/robot_state/msg/detail/eef_traj__rosidl_typesupport_introspection_c.h
-- Installing: /home/unitree/projects/ModelServer/src/ModelServer/models/go2/spacemouse/ros2/install/robot_state/include/robot_state/msg/detail/eef_state__type_support.c
-- Installing: /home/unitree/projects/ModelServer/src/ModelServer/models/go2/spacemouse/ros2/install/robot_state/include/robot_state/msg/detail/eef_traj__type_support.c
-- Installing: /home/unitree/projects/ModelServer/src/ModelServer/models/go2/spacemouse/ros2/install/robot_state/include/robot_state/msg/detail/pose_multi_stamped__rosidl_typesupport_introspection_c.h
-- Installing: /home/unitree/projects/ModelServer/src/ModelServer/models/go2/spacemouse/ros2/install/robot_state/include/robot_state/msg/detail/eef_state__rosidl_typesupport_introspection_c.h
-- Installing: /home/unitree/projects/ModelServer/src/ModelServer/models/go2/spacemouse/ros2/install/robot_state/lib/librobot_state__rosidl_typesupport_introspection_c.so
-- Set runtime path of "/home/unitree/projects/ModelServer/src/ModelServer/models/go2/spacemouse/ros2/install/robot_state/lib/librobot_state__rosidl_typesupport_introspection_c.so" to ""
-- Installing: /home/unitree/projects/ModelServer/src/ModelServer/models/go2/spacemouse/ros2/install/robot_state/lib/librobot_state__rosidl_typesupport_c.so
-- Set runtime path of "/home/unitree/projects/ModelServer/src/ModelServer/models/go2/spacemouse/ros2/install/robot_state/lib/librobot_state__rosidl_typesupport_c.so" to ""
-- Up-to-date: /home/unitree/projects/ModelServer/src/ModelServer/models/go2/spacemouse/ros2/install/robot_state/include/robot_state
-- Up-to-date: /home/unitree/projects/ModelServer/src/ModelServer/models/go2/spacemouse/ros2/install/robot_state/include/robot_state/msg
-- Installing: /home/unitree/projects/ModelServer/src/ModelServer/models/go2/spacemouse/ros2/install/robot_state/include/robot_state/msg/eef_traj.hpp
-- Installing: /home/unitree/projects/ModelServer/src/ModelServer/models/go2/spacemouse/ros2/install/robot_state/include/robot_state/msg/pose_multi_stamped.hpp
-- Up-to-date: /home/unitree/projects/ModelServer/src/ModelServer/models/go2/spacemouse/ros2/install/robot_state/include/robot_state/msg/detail
-- Installing: /home/unitree/projects/ModelServer/src/ModelServer/models/go2/spacemouse/ros2/install/robot_state/include/robot_state/msg/detail/pose_multi_stamped__traits.hpp
-- Installing: /home/unitree/projects/ModelServer/src/ModelServer/models/go2/spacemouse/ros2/install/robot_state/include/robot_state/msg/detail/eef_state__builder.hpp
-- Installing: /home/unitree/projects/ModelServer/src/ModelServer/models/go2/spacemouse/ros2/install/robot_state/include/robot_state/msg/detail/pose_multi_stamped__struct.hpp
-- Installing: /home/unitree/projects/ModelServer/src/ModelServer/models/go2/spacemouse/ros2/install/robot_state/include/robot_state/msg/detail/pose_multi_stamped__builder.hpp
-- Installing: /home/unitree/projects/ModelServer/src/ModelServer/models/go2/spacemouse/ros2/install/robot_state/include/robot_state/msg/detail/eef_traj__traits.hpp
-- Installing: /home/unitree/projects/ModelServer/src/ModelServer/models/go2/spacemouse/ros2/install/robot_state/include/robot_state/msg/detail/eef_traj__struct.hpp
-- Installing: /home/unitree/projects/ModelServer/src/ModelServer/models/go2/spacemouse/ros2/install/robot_state/include/robot_state/msg/detail/eef_state__struct.hpp
-- Installing: /home/unitree/projects/ModelServer/src/ModelServer/models/go2/spacemouse/ros2/install/robot_state/include/robot_state/msg/detail/eef_state__traits.hpp
-- Installing: /home/unitree/projects/ModelServer/src/ModelServer/models/go2/spacemouse/ros2/install/robot_state/include/robot_state/msg/detail/pose_multi_stamped__type_support.hpp
-- Installing: /home/unitree/projects/ModelServer/src/ModelServer/models/go2/spacemouse/ros2/install/robot_state/include/robot_state/msg/detail/eef_traj__builder.hpp
-- Installing: /home/unitree/projects/ModelServer/src/ModelServer/models/go2/spacemouse/ros2/install/robot_state/include/robot_state/msg/detail/eef_traj__type_support.hpp
-- Installing: /home/unitree/projects/ModelServer/src/ModelServer/models/go2/spacemouse/ros2/install/robot_state/include/robot_state/msg/detail/eef_state__type_support.hpp
-- Installing: /home/unitree/projects/ModelServer/src/ModelServer/models/go2/spacemouse/ros2/install/robot_state/include/robot_state/msg/rosidl_generator_cpp__visibility_control.hpp
-- Installing: /home/unitree/projects/ModelServer/src/ModelServer/models/go2/spacemouse/ros2/install/robot_state/include/robot_state/msg/eef_state.hpp
-- Up-to-date: /home/unitree/projects/ModelServer/src/ModelServer/models/go2/spacemouse/ros2/install/robot_state/include/robot_state
-- Up-to-date: /home/unitree/projects/ModelServer/src/ModelServer/models/go2/spacemouse/ros2/install/robot_state/include/robot_state/msg
-- Up-to-date: /home/unitree/projects/ModelServer/src/ModelServer/models/go2/spacemouse/ros2/install/robot_state/include/robot_state/msg/detail
-- Installing: /home/unitree/projects/ModelServer/src/ModelServer/models/go2/spacemouse/ros2/install/robot_state/include/robot_state/msg/detail/pose_multi_stamped__type_support.cpp
-- Installing: /home/unitree/projects/ModelServer/src/ModelServer/models/go2/spacemouse/ros2/install/robot_state/include/robot_state/msg/detail/eef_traj__type_support.cpp
-- Installing: /home/unitree/projects/ModelServer/src/ModelServer/models/go2/spacemouse/ros2/install/robot_state/include/robot_state/msg/detail/eef_state__rosidl_typesupport_introspection_cpp.hpp
-- Installing: /home/unitree/projects/ModelServer/src/ModelServer/models/go2/spacemouse/ros2/install/robot_state/include/robot_state/msg/detail/eef_traj__rosidl_typesupport_introspection_cpp.hpp
-- Installing: /home/unitree/projects/ModelServer/src/ModelServer/models/go2/spacemouse/ros2/install/robot_state/include/robot_state/msg/detail/pose_multi_stamped__rosidl_typesupport_introspection_cpp.hpp
-- Installing: /home/unitree/projects/ModelServer/src/ModelServer/models/go2/spacemouse/ros2/install/robot_state/include/robot_state/msg/detail/eef_state__type_support.cpp
-- Installing: /home/unitree/projects/ModelServer/src/ModelServer/models/go2/spacemouse/ros2/install/robot_state/lib/librobot_state__rosidl_typesupport_introspection_cpp.so
-- Set runtime path of "/home/unitree/projects/ModelServer/src/ModelServer/models/go2/spacemouse/ros2/install/robot_state/lib/librobot_state__rosidl_typesupport_introspection_cpp.so" to ""
-- Installing: /home/unitree/projects/ModelServer/src/ModelServer/models/go2/spacemouse/ros2/install/robot_state/lib/librobot_state__rosidl_typesupport_cpp.so
-- Set runtime path of "/home/unitree/projects/ModelServer/src/ModelServer/models/go2/spacemouse/ros2/install/robot_state/lib/librobot_state__rosidl_typesupport_cpp.so" to ""
-- Installing: /home/unitree/projects/ModelServer/src/ModelServer/models/go2/spacemouse/ros2/install/robot_state/share/robot_state/environment/pythonpath.sh
-- Installing: /home/unitree/projects/ModelServer/src/ModelServer/models/go2/spacemouse/ros2/install/robot_state/share/robot_state/environment/pythonpath.dsv
-- Installing: /home/unitree/projects/ModelServer/src/ModelServer/models/go2/spacemouse/ros2/install/robot_state/lib/python3.8/site-packages/robot_state/__init__.py
Compiling '/home/unitree/projects/ModelServer/src/ModelServer/models/go2/spacemouse/ros2/install/robot_state/lib/python3.8/site-packages/robot_state/__init__.py'...
-- Installing: /home/unitree/projects/ModelServer/src/ModelServer/models/go2/spacemouse/ros2/install/robot_state/lib/python3.8/site-packages/robot_state/msg
-- Installing: /home/unitree/projects/ModelServer/src/ModelServer/models/go2/spacemouse/ros2/install/robot_state/lib/python3.8/site-packages/robot_state/msg/_eef_traj_s.c
-- Installing: /home/unitree/projects/ModelServer/src/ModelServer/models/go2/spacemouse/ros2/install/robot_state/lib/python3.8/site-packages/robot_state/msg/_eef_traj.py
-- Installing: /home/unitree/projects/ModelServer/src/ModelServer/models/go2/spacemouse/ros2/install/robot_state/lib/python3.8/site-packages/robot_state/msg/_pose_multi_stamped.py
-- Installing: /home/unitree/projects/ModelServer/src/ModelServer/models/go2/spacemouse/ros2/install/robot_state/lib/python3.8/site-packages/robot_state/msg/_eef_state.py
-- Installing: /home/unitree/projects/ModelServer/src/ModelServer/models/go2/spacemouse/ros2/install/robot_state/lib/python3.8/site-packages/robot_state/msg/__init__.py
-- Installing: /home/unitree/projects/ModelServer/src/ModelServer/models/go2/spacemouse/ros2/install/robot_state/lib/python3.8/site-packages/robot_state/msg/_pose_multi_stamped_s.c
-- Installing: /home/unitree/projects/ModelServer/src/ModelServer/models/go2/spacemouse/ros2/install/robot_state/lib/python3.8/site-packages/robot_state/msg/_eef_state_s.c
-- Installing: /home/unitree/projects/ModelServer/src/ModelServer/models/go2/spacemouse/ros2/install/robot_state/lib/python3.8/site-packages/robot_state/robot_state_s__rosidl_typesupport_fastrtps_c.cpython-38-aarch64-linux-gnu.so
-- Set runtime path of "/home/unitree/projects/ModelServer/src/ModelServer/models/go2/spacemouse/ros2/install/robot_state/lib/python3.8/site-packages/robot_state/robot_state_s__rosidl_typesupport_fastrtps_c.cpython-38-aarch64-linux-gnu.so" to ""
-- Installing: /home/unitree/projects/ModelServer/src/ModelServer/models/go2/spacemouse/ros2/install/robot_state/lib/python3.8/site-packages/robot_state/robot_state_s__rosidl_typesupport_introspection_c.cpython-38-aarch64-linux-gnu.so
-- Set runtime path of "/home/unitree/projects/ModelServer/src/ModelServer/models/go2/spacemouse/ros2/install/robot_state/lib/python3.8/site-packages/robot_state/robot_state_s__rosidl_typesupport_introspection_c.cpython-38-aarch64-linux-gnu.so" to ""
-- Installing: /home/unitree/projects/ModelServer/src/ModelServer/models/go2/spacemouse/ros2/install/robot_state/lib/python3.8/site-packages/robot_state/robot_state_s__rosidl_typesupport_c.cpython-38-aarch64-linux-gnu.so
-- Set runtime path of "/home/unitree/projects/ModelServer/src/ModelServer/models/go2/spacemouse/ros2/install/robot_state/lib/python3.8/site-packages/robot_state/robot_state_s__rosidl_typesupport_c.cpython-38-aarch64-linux-gnu.so" to ""
-- Installing: /home/unitree/projects/ModelServer/src/ModelServer/models/go2/spacemouse/ros2/install/robot_state/lib/librobot_state__python.so
-- Set runtime path of "/home/unitree/projects/ModelServer/src/ModelServer/models/go2/spacemouse/ros2/install/robot_state/lib/librobot_state__python.so" to ""
-- Installing: /home/unitree/projects/ModelServer/src/ModelServer/models/go2/spacemouse/ros2/install/robot_state/share/robot_state/msg/EEFState.idl
-- Installing: /home/unitree/projects/ModelServer/src/ModelServer/models/go2/spacemouse/ros2/install/robot_state/share/robot_state/msg/EEFTraj.idl
-- Installing: /home/unitree/projects/ModelServer/src/ModelServer/models/go2/spacemouse/ros2/install/robot_state/share/robot_state/msg/PoseMultiStamped.idl
-- Installing: /home/unitree/projects/ModelServer/src/ModelServer/models/go2/spacemouse/ros2/install/robot_state/share/robot_state/msg/EEFState.msg
-- Installing: /home/unitree/projects/ModelServer/src/ModelServer/models/go2/spacemouse/ros2/install/robot_state/share/robot_state/msg/EEFTraj.msg
-- Installing: /home/unitree/projects/ModelServer/src/ModelServer/models/go2/spacemouse/ros2/install/robot_state/share/robot_state/msg/PoseMultiStamped.msg
-- Installing: /home/unitree/projects/ModelServer/src/ModelServer/models/go2/spacemouse/ros2/install/robot_state/share/ament_index/resource_index/package_run_dependencies/robot_state
-- Installing: /home/unitree/projects/ModelServer/src/ModelServer/models/go2/spacemouse/ros2/install/robot_state/share/ament_index/resource_index/parent_prefix_path/robot_state
-- Installing: /home/unitree/projects/ModelServer/src/ModelServer/models/go2/spacemouse/ros2/install/robot_state/share/robot_state/environment/ament_prefix_path.sh
-- Installing: /home/unitree/projects/ModelServer/src/ModelServer/models/go2/spacemouse/ros2/install/robot_state/share/robot_state/environment/ament_prefix_path.dsv
-- Installing: /home/unitree/projects/ModelServer/src/ModelServer/models/go2/spacemouse/ros2/install/robot_state/share/robot_state/environment/path.sh
-- Installing: /home/unitree/projects/ModelServer/src/ModelServer/models/go2/spacemouse/ros2/install/robot_state/share/robot_state/environment/path.dsv
-- Installing: /home/unitree/projects/ModelServer/src/ModelServer/models/go2/spacemouse/ros2/install/robot_state/share/robot_state/local_setup.bash
-- Installing: /home/unitree/projects/ModelServer/src/ModelServer/models/go2/spacemouse/ros2/install/robot_state/share/robot_state/local_setup.sh
-- Installing: /home/unitree/projects/ModelServer/src/ModelServer/models/go2/spacemouse/ros2/install/robot_state/share/robot_state/local_setup.zsh
-- Installing: /home/unitree/projects/ModelServer/src/ModelServer/models/go2/spacemouse/ros2/install/robot_state/share/robot_state/local_setup.dsv
-- Installing: /home/unitree/projects/ModelServer/src/ModelServer/models/go2/spacemouse/ros2/install/robot_state/share/robot_state/package.dsv
-- Installing: /home/unitree/projects/ModelServer/src/ModelServer/models/go2/spacemouse/ros2/install/robot_state/share/ament_index/resource_index/packages/robot_state
-- Installing: /home/unitree/projects/ModelServer/src/ModelServer/models/go2/spacemouse/ros2/install/robot_state/share/robot_state/cmake/robot_state__rosidl_generator_cExport.cmake
-- Installing: /home/unitree/projects/ModelServer/src/ModelServer/models/go2/spacemouse/ros2/install/robot_state/share/robot_state/cmake/robot_state__rosidl_generator_cExport-noconfig.cmake
-- Installing: /home/unitree/projects/ModelServer/src/ModelServer/models/go2/spacemouse/ros2/install/robot_state/share/robot_state/cmake/robot_state__rosidl_typesupport_introspection_cExport.cmake
-- Installing: /home/unitree/projects/ModelServer/src/ModelServer/models/go2/spacemouse/ros2/install/robot_state/share/robot_state/cmake/robot_state__rosidl_typesupport_introspection_cExport-noconfig.cmake
-- Installing: /home/unitree/projects/ModelServer/src/ModelServer/models/go2/spacemouse/ros2/install/robot_state/share/robot_state/cmake/robot_state__rosidl_typesupport_cExport.cmake
-- Installing: /home/unitree/projects/ModelServer/src/ModelServer/models/go2/spacemouse/ros2/install/robot_state/share/robot_state/cmake/robot_state__rosidl_typesupport_cExport-noconfig.cmake
-- Installing: /home/unitree/projects/ModelServer/src/ModelServer/models/go2/spacemouse/ros2/install/robot_state/share/robot_state/cmake/robot_state__rosidl_generator_cppExport.cmake
-- Installing: /home/unitree/projects/ModelServer/src/ModelServer/models/go2/spacemouse/ros2/install/robot_state/share/robot_state/cmake/robot_state__rosidl_typesupport_introspection_cppExport.cmake
-- Installing: /home/unitree/projects/ModelServer/src/ModelServer/models/go2/spacemouse/ros2/install/robot_state/share/robot_state/cmake/robot_state__rosidl_typesupport_introspection_cppExport-noconfig.cmake
-- Installing: /home/unitree/projects/ModelServer/src/ModelServer/models/go2/spacemouse/ros2/install/robot_state/share/robot_state/cmake/robot_state__rosidl_typesupport_cppExport.cmake
-- Installing: /home/unitree/projects/ModelServer/src/ModelServer/models/go2/spacemouse/ros2/install/robot_state/share/robot_state/cmake/robot_state__rosidl_typesupport_cppExport-noconfig.cmake
-- Installing: /home/unitree/projects/ModelServer/src/ModelServer/models/go2/spacemouse/ros2/install/robot_state/share/robot_state/cmake/rosidl_cmake-extras.cmake
-- Installing: /home/unitree/projects/ModelServer/src/ModelServer/models/go2/spacemouse/ros2/install/robot_state/share/robot_state/cmake/ament_cmake_export_dependencies-extras.cmake
-- Installing: /home/unitree/projects/ModelServer/src/ModelServer/models/go2/spacemouse/ros2/install/robot_state/share/robot_state/cmake/ament_cmake_export_libraries-extras.cmake
-- Installing: /home/unitree/projects/ModelServer/src/ModelServer/models/go2/spacemouse/ros2/install/robot_state/share/robot_state/cmake/ament_cmake_export_targets-extras.cmake
-- Installing: /home/unitree/projects/ModelServer/src/ModelServer/models/go2/spacemouse/ros2/install/robot_state/share/robot_state/cmake/ament_cmake_export_include_directories-extras.cmake
-- Installing: /home/unitree/projects/ModelServer/src/ModelServer/models/go2/spacemouse/ros2/install/robot_state/share/robot_state/cmake/rosidl_cmake_export_typesupport_libraries-extras.cmake
-- Installing: /home/unitree/projects/ModelServer/src/ModelServer/models/go2/spacemouse/ros2/install/robot_state/share/robot_state/cmake/rosidl_cmake_export_typesupport_targets-extras.cmake
-- Installing: /home/unitree/projects/ModelServer/src/ModelServer/models/go2/spacemouse/ros2/install/robot_state/share/robot_state/cmake/robot_stateConfig.cmake
-- Installing: /home/unitree/projects/ModelServer/src/ModelServer/models/go2/spacemouse/ros2/install/robot_state/share/robot_state/cmake/robot_stateConfig-version.cmake
-- Installing: /home/unitree/projects/ModelServer/src/ModelServer/models/go2/spacemouse/ros2/install/robot_state/share/robot_state/package.xml
