[0.472s] Invoking command in '/home/unitree/projects/ModelServer/src/ModelServer/models/go2/spacemouse/ros2/build/robot_state': CMAKE_PREFIX_PATH=${CMAKE_PREFIX_PATH}:/opt/ros/foxy CONDA_PROMPT_MODIFIER=(go2_rc) /usr/bin/cmake /home/unitree/projects/ModelServer/src/ModelServer/models/go2/spacemouse/ros2/robot_state -DCMAKE_INSTALL_PREFIX=/home/unitree/projects/ModelServer/src/ModelServer/models/go2/spacemouse/ros2/install/robot_state
[0.662s] -- The C compiler identification is GNU 9.4.0
[0.814s] -- The CXX compiler identification is GNU 9.4.0
[0.827s] -- Check for working C compiler: /usr/bin/cc
[0.970s] -- Check for working C compiler: /usr/bin/cc -- works
[0.973s] -- Detecting C compiler ABI info
[1.122s] -- Detecting C compiler ABI info - done
[1.147s] -- Detecting C compile features
[1.148s] -- Detecting C compile features - done
[1.153s] -- Check for working CXX compiler: /usr/bin/c++
[1.308s] -- Check for working CXX compiler: /usr/bin/c++ -- works
[1.309s] -- Detecting CXX compiler ABI info
[1.463s] -- Detecting CXX compiler ABI info - done
[1.483s] -- Detecting CXX compile features
[1.484s] -- Detecting CXX compile features - done
[1.496s] -- Found ament_cmake: 0.9.12 (/opt/ros/foxy/share/ament_cmake/cmake)
[1.568s] -- Found PythonInterp: /home/unitree/miniconda3/envs/go2_rc/bin/python3 (found suitable version "3.8.20", minimum required is "3") 
[1.568s] -- Using PYTHON_EXECUTABLE: /home/unitree/miniconda3/envs/go2_rc/bin/python3
[2.002s] -- Found rosidl_default_generators: 1.0.1 (/opt/ros/foxy/share/rosidl_default_generators/cmake)
[2.014s] -- Using all available rosidl_typesupport_c: rosidl_typesupport_fastrtps_c;rosidl_typesupport_introspection_c
[2.030s] -- Found rosidl_adapter: 1.3.1 (/opt/ros/foxy/share/rosidl_adapter/cmake)
[2.258s] -- Found OpenSSL: /usr/lib/aarch64-linux-gnu/libcrypto.so (found version "1.1.1f")  
[2.319s] -- Found FastRTPS: /opt/ros/foxy/include  
[2.490s] -- Using all available rosidl_typesupport_cpp: rosidl_typesupport_fastrtps_cpp;rosidl_typesupport_introspection_cpp
[2.608s] -- Found PythonInterp: /home/unitree/miniconda3/envs/go2_rc/bin/python3 (found version "3.8.20") 
[2.979s] -- Found ament_cmake_ros: 0.9.2 (/opt/ros/foxy/share/ament_cmake_ros/cmake)
[3.191s] -- Using all available rosidl_typesupport_c: rosidl_typesupport_fastrtps_c;rosidl_typesupport_introspection_c
[3.208s] -- Using all available rosidl_typesupport_cpp: rosidl_typesupport_fastrtps_cpp;rosidl_typesupport_introspection_cpp
[3.272s] -- Found PythonInterp: /home/unitree/miniconda3/envs/go2_rc/bin/python3 (found suitable version "3.8.20", minimum required is "3.5") 
[3.276s] -- Found python_cmake_module: 0.8.1 (/opt/ros/foxy/share/python_cmake_module/cmake)
[3.346s] -- Found PythonLibs: /home/unitree/miniconda3/envs/go2_rc/lib/libpython3.8.so (found suitable version "3.8.20", minimum required is "3.5") 
[3.346s] -- Using PYTHON_EXECUTABLE: /home/unitree/miniconda3/envs/go2_rc/bin/python3
[3.346s] -- Using PYTHON_INCLUDE_DIRS: /home/unitree/miniconda3/envs/go2_rc/include/python3.8
[3.347s] -- Using PYTHON_LIBRARIES: /home/unitree/miniconda3/envs/go2_rc/lib/libpython3.8.so
[3.409s] -- Found PythonExtra: .so  
[3.772s] -- Found ament_lint_auto: 0.9.8 (/opt/ros/foxy/share/ament_lint_auto/cmake)
[3.822s] -- Added test 'lint_cmake' to check CMake code style
[3.824s] -- Added test 'xmllint' to check XML markup files
[3.835s] -- Configuring done
[3.902s] -- Generating done
[3.908s] -- Build files have been written to: /home/unitree/projects/ModelServer/src/ModelServer/models/go2/spacemouse/ros2/build/robot_state
[3.934s] Invoked command in '/home/unitree/projects/ModelServer/src/ModelServer/models/go2/spacemouse/ros2/build/robot_state' returned '0': CMAKE_PREFIX_PATH=${CMAKE_PREFIX_PATH}:/opt/ros/foxy CONDA_PROMPT_MODIFIER=(go2_rc) /usr/bin/cmake /home/unitree/projects/ModelServer/src/ModelServer/models/go2/spacemouse/ros2/robot_state -DCMAKE_INSTALL_PREFIX=/home/unitree/projects/ModelServer/src/ModelServer/models/go2/spacemouse/ros2/install/robot_state
[3.939s] Invoking command in '/home/unitree/projects/ModelServer/src/ModelServer/models/go2/spacemouse/ros2/build/robot_state': CMAKE_PREFIX_PATH=${CMAKE_PREFIX_PATH}:/opt/ros/foxy CONDA_PROMPT_MODIFIER=(go2_rc) /usr/bin/cmake --build /home/unitree/projects/ModelServer/src/ModelServer/models/go2/spacemouse/ros2/build/robot_state -- -j4 -l4
[4.035s] [  2%] [34m[1mGenerating C code for ROS interfaces[0m
[4.035s] [35m[1mScanning dependencies of target robot_state__cpp[0m
[4.062s] [  4%] [34m[1mGenerating C++ code for ROS interfaces[0m
[5.062s] [  4%] Built target robot_state__cpp
[5.093s] [  6%] [34m[1mGenerating C++ type support dispatch for ROS interfaces[0m
[5.103s] [  8%] [34m[1mGenerating C++ type support for eProsima Fast-RTPS[0m
[5.104s] [35m[1mScanning dependencies of target robot_state__rosidl_generator_c[0m
[5.105s] [ 10%] [34m[1mGenerating C++ introspection for ROS interfaces[0m
[5.187s] [ 12%] [32mBuilding C object CMakeFiles/robot_state__rosidl_generator_c.dir/rosidl_generator_c/robot_state/msg/detail/eef_state__functions.c.o[0m
[5.318s] [ 14%] [32mBuilding C object CMakeFiles/robot_state__rosidl_generator_c.dir/rosidl_generator_c/robot_state/msg/detail/eef_traj__functions.c.o[0m
[5.435s] [ 17%] [32mBuilding C object CMakeFiles/robot_state__rosidl_generator_c.dir/rosidl_generator_c/robot_state/msg/detail/pose_multi_stamped__functions.c.o[0m
[5.549s] [ 19%] [32m[1mLinking C shared library librobot_state__rosidl_generator_c.so[0m
[5.660s] [ 19%] Built target robot_state__rosidl_generator_c
[5.688s] [ 21%] [34m[1mGenerating C introspection for ROS interfaces[0m
[5.998s] [35m[1mScanning dependencies of target robot_state__rosidl_typesupport_cpp[0m
[6.052s] [ 23%] [32mBuilding CXX object CMakeFiles/robot_state__rosidl_typesupport_cpp.dir/rosidl_typesupport_cpp/robot_state/msg/eef_state__type_support.cpp.o[0m
[6.100s] [35m[1mScanning dependencies of target robot_state__rosidl_typesupport_introspection_cpp[0m
[6.132s] [ 25%] [32mBuilding CXX object CMakeFiles/robot_state__rosidl_typesupport_introspection_cpp.dir/rosidl_typesupport_introspection_cpp/robot_state/msg/detail/eef_state__type_support.cpp.o[0m
[6.138s] [35m[1mScanning dependencies of target robot_state__rosidl_typesupport_fastrtps_cpp[0m
[6.203s] [ 27%] [32mBuilding CXX object CMakeFiles/robot_state__rosidl_typesupport_fastrtps_cpp.dir/rosidl_typesupport_fastrtps_cpp/robot_state/msg/detail/dds_fastrtps/eef_state__type_support.cpp.o[0m
[6.870s] [ 29%] [32mBuilding CXX object CMakeFiles/robot_state__rosidl_typesupport_cpp.dir/rosidl_typesupport_cpp/robot_state/msg/eef_traj__type_support.cpp.o[0m
[6.915s] [ 31%] [32mBuilding CXX object CMakeFiles/robot_state__rosidl_typesupport_introspection_cpp.dir/rosidl_typesupport_introspection_cpp/robot_state/msg/detail/eef_traj__type_support.cpp.o[0m
[6.970s] [35m[1mScanning dependencies of target robot_state__rosidl_typesupport_introspection_c[0m
[7.106s] [ 34%] [32mBuilding C object CMakeFiles/robot_state__rosidl_typesupport_introspection_c.dir/rosidl_typesupport_introspection_c/robot_state/msg/detail/eef_state__type_support.c.o[0m
[7.246s] [ 36%] [32mBuilding C object CMakeFiles/robot_state__rosidl_typesupport_introspection_c.dir/rosidl_typesupport_introspection_c/robot_state/msg/detail/eef_traj__type_support.c.o[0m
[7.275s] [ 38%] [32mBuilding CXX object CMakeFiles/robot_state__rosidl_typesupport_fastrtps_cpp.dir/rosidl_typesupport_fastrtps_cpp/robot_state/msg/detail/dds_fastrtps/eef_traj__type_support.cpp.o[0m
[7.332s] [ 40%] [32mBuilding C object CMakeFiles/robot_state__rosidl_typesupport_introspection_c.dir/rosidl_typesupport_introspection_c/robot_state/msg/detail/pose_multi_stamped__type_support.c.o[0m
[7.409s] [ 42%] [32m[1mLinking C shared library librobot_state__rosidl_typesupport_introspection_c.so[0m
[7.496s] [ 42%] Built target robot_state__rosidl_typesupport_introspection_c
[7.528s] [ 44%] [32mBuilding CXX object CMakeFiles/robot_state__rosidl_typesupport_fastrtps_cpp.dir/rosidl_typesupport_fastrtps_cpp/robot_state/msg/detail/dds_fastrtps/pose_multi_stamped__type_support.cpp.o[0m
[7.617s] [ 46%] [32mBuilding CXX object CMakeFiles/robot_state__rosidl_typesupport_cpp.dir/rosidl_typesupport_cpp/robot_state/msg/pose_multi_stamped__type_support.cpp.o[0m
[7.680s] [ 48%] [32mBuilding CXX object CMakeFiles/robot_state__rosidl_typesupport_introspection_cpp.dir/rosidl_typesupport_introspection_cpp/robot_state/msg/detail/pose_multi_stamped__type_support.cpp.o[0m
[8.293s] [ 51%] [32m[1mLinking CXX shared library librobot_state__rosidl_typesupport_cpp.so[0m
[8.358s] [ 53%] [32m[1mLinking CXX shared library librobot_state__rosidl_typesupport_introspection_cpp.so[0m
[8.360s] [ 55%] [34m[1mGenerating C type support dispatch for ROS interfaces[0m
[8.384s] [ 55%] Built target robot_state__rosidl_typesupport_cpp
[8.503s] [ 57%] [32m[1mLinking CXX shared library librobot_state__rosidl_typesupport_fastrtps_cpp.so[0m
[8.517s] [ 57%] Built target robot_state__rosidl_typesupport_introspection_cpp
[8.667s] [ 57%] Built target robot_state__rosidl_typesupport_fastrtps_cpp
[8.692s] [ 59%] [34m[1mGenerating C type support for eProsima Fast-RTPS[0m
[9.124s] [35m[1mScanning dependencies of target robot_state__rosidl_typesupport_c[0m
[9.161s] [ 61%] [32mBuilding CXX object CMakeFiles/robot_state__rosidl_typesupport_c.dir/rosidl_typesupport_c/robot_state/msg/pose_multi_stamped__type_support.cpp.o[0m
[9.161s] [ 63%] [32mBuilding CXX object CMakeFiles/robot_state__rosidl_typesupport_c.dir/rosidl_typesupport_c/robot_state/msg/eef_state__type_support.cpp.o[0m
[9.163s] [ 65%] [32mBuilding CXX object CMakeFiles/robot_state__rosidl_typesupport_c.dir/rosidl_typesupport_c/robot_state/msg/eef_traj__type_support.cpp.o[0m
[9.232s] [ 68%] [32m[1mLinking CXX shared library librobot_state__rosidl_typesupport_c.so[0m
[9.313s] [ 68%] Built target robot_state__rosidl_typesupport_c
[9.560s] [35m[1mScanning dependencies of target robot_state__rosidl_typesupport_fastrtps_c[0m
[9.597s] [ 70%] [32mBuilding CXX object CMakeFiles/robot_state__rosidl_typesupport_fastrtps_c.dir/rosidl_typesupport_fastrtps_c/robot_state/msg/detail/eef_state__type_support_c.cpp.o[0m
[9.603s] [ 72%] [32mBuilding CXX object CMakeFiles/robot_state__rosidl_typesupport_fastrtps_c.dir/rosidl_typesupport_fastrtps_c/robot_state/msg/detail/pose_multi_stamped__type_support_c.cpp.o[0m
[9.605s] [ 74%] [32mBuilding CXX object CMakeFiles/robot_state__rosidl_typesupport_fastrtps_c.dir/rosidl_typesupport_fastrtps_c/robot_state/msg/detail/eef_traj__type_support_c.cpp.o[0m
[10.412s] [ 76%] [32m[1mLinking CXX shared library librobot_state__rosidl_typesupport_fastrtps_c.so[0m
[10.583s] [ 76%] Built target robot_state__rosidl_typesupport_fastrtps_c
[10.607s] [35m[1mScanning dependencies of target robot_state[0m
[10.633s] [ 76%] Built target robot_state
[10.658s] [35m[1mScanning dependencies of target robot_state__py[0m
[10.684s] [ 78%] [34m[1mGenerating Python code for ROS interfaces[0m
[12.277s] [ 78%] Built target robot_state__py
[12.300s] [35m[1mScanning dependencies of target robot_state__python[0m
[12.359s] [ 80%] [32mBuilding C object CMakeFiles/robot_state__python.dir/rosidl_generator_py/robot_state/msg/_eef_state_s.c.o[0m
[12.362s] [ 82%] [32mBuilding C object CMakeFiles/robot_state__python.dir/rosidl_generator_py/robot_state/msg/_pose_multi_stamped_s.c.o[0m
[12.376s] [ 85%] [32mBuilding C object CMakeFiles/robot_state__python.dir/rosidl_generator_py/robot_state/msg/_eef_traj_s.c.o[0m
[12.588s] [ 87%] [32m[1mLinking C shared library rosidl_generator_py/robot_state/librobot_state__python.so[0m
[12.666s] [ 87%] Built target robot_state__python
[12.690s] [35m[1mScanning dependencies of target robot_state__rosidl_typesupport_fastrtps_c__pyext[0m
[12.690s] [35m[1mScanning dependencies of target robot_state__rosidl_typesupport_c__pyext[0m
[12.690s] [35m[1mScanning dependencies of target robot_state__rosidl_typesupport_introspection_c__pyext[0m
[12.742s] [ 91%] [32mBuilding C object CMakeFiles/robot_state__rosidl_typesupport_introspection_c__pyext.dir/rosidl_generator_py/robot_state/_robot_state_s.ep.rosidl_typesupport_introspection_c.c.o[0m
[12.742s] [ 91%] [32mBuilding C object CMakeFiles/robot_state__rosidl_typesupport_fastrtps_c__pyext.dir/rosidl_generator_py/robot_state/_robot_state_s.ep.rosidl_typesupport_fastrtps_c.c.o[0m
[12.763s] [ 93%] [32mBuilding C object CMakeFiles/robot_state__rosidl_typesupport_c__pyext.dir/rosidl_generator_py/robot_state/_robot_state_s.ep.rosidl_typesupport_c.c.o[0m
[12.961s] [ 95%] [32m[1mLinking C shared library rosidl_generator_py/robot_state/robot_state_s__rosidl_typesupport_introspection_c.cpython-38-aarch64-linux-gnu.so[0m
[12.973s] [ 97%] [32m[1mLinking C shared library rosidl_generator_py/robot_state/robot_state_s__rosidl_typesupport_c.cpython-38-aarch64-linux-gnu.so[0m
[13.044s] [100%] [32m[1mLinking CXX shared library rosidl_generator_py/robot_state/robot_state_s__rosidl_typesupport_fastrtps_c.cpython-38-aarch64-linux-gnu.so[0m
[13.049s] [100%] Built target robot_state__rosidl_typesupport_introspection_c__pyext
[13.050s] [100%] Built target robot_state__rosidl_typesupport_c__pyext
[13.153s] [100%] Built target robot_state__rosidl_typesupport_fastrtps_c__pyext
[13.181s] Invoked command in '/home/unitree/projects/ModelServer/src/ModelServer/models/go2/spacemouse/ros2/build/robot_state' returned '0': CMAKE_PREFIX_PATH=${CMAKE_PREFIX_PATH}:/opt/ros/foxy CONDA_PROMPT_MODIFIER=(go2_rc) /usr/bin/cmake --build /home/unitree/projects/ModelServer/src/ModelServer/models/go2/spacemouse/ros2/build/robot_state -- -j4 -l4
[13.376s] Invoking command in '/home/unitree/projects/ModelServer/src/ModelServer/models/go2/spacemouse/ros2/build/robot_state': CMAKE_PREFIX_PATH=${CMAKE_PREFIX_PATH}:/opt/ros/foxy CONDA_PROMPT_MODIFIER=(go2_rc) /usr/bin/cmake --install /home/unitree/projects/ModelServer/src/ModelServer/models/go2/spacemouse/ros2/build/robot_state
[13.399s] -- Install configuration: ""
[13.399s] -- Installing: /home/unitree/projects/ModelServer/src/ModelServer/models/go2/spacemouse/ros2/install/robot_state/share/ament_index/resource_index/rosidl_interfaces/robot_state
[13.399s] -- Installing: /home/unitree/projects/ModelServer/src/ModelServer/models/go2/spacemouse/ros2/install/robot_state/include/robot_state
[13.400s] -- Installing: /home/unitree/projects/ModelServer/src/ModelServer/models/go2/spacemouse/ros2/install/robot_state/include/robot_state/msg
[13.400s] -- Installing: /home/unitree/projects/ModelServer/src/ModelServer/models/go2/spacemouse/ros2/install/robot_state/include/robot_state/msg/rosidl_generator_c__visibility_control.h
[13.400s] -- Installing: /home/unitree/projects/ModelServer/src/ModelServer/models/go2/spacemouse/ros2/install/robot_state/include/robot_state/msg/pose_multi_stamped.h
[13.400s] -- Installing: /home/unitree/projects/ModelServer/src/ModelServer/models/go2/spacemouse/ros2/install/robot_state/include/robot_state/msg/detail
[13.400s] -- Installing: /home/unitree/projects/ModelServer/src/ModelServer/models/go2/spacemouse/ros2/install/robot_state/include/robot_state/msg/detail/eef_state__type_support.h
[13.400s] -- Installing: /home/unitree/projects/ModelServer/src/ModelServer/models/go2/spacemouse/ros2/install/robot_state/include/robot_state/msg/detail/eef_state__struct.h
[13.401s] -- Installing: /home/unitree/projects/ModelServer/src/ModelServer/models/go2/spacemouse/ros2/install/robot_state/include/robot_state/msg/detail/eef_state__functions.h
[13.401s] -- Installing: /home/unitree/projects/ModelServer/src/ModelServer/models/go2/spacemouse/ros2/install/robot_state/include/robot_state/msg/detail/pose_multi_stamped__functions.h
[13.401s] -- Installing: /home/unitree/projects/ModelServer/src/ModelServer/models/go2/spacemouse/ros2/install/robot_state/include/robot_state/msg/detail/pose_multi_stamped__type_support.h
[13.401s] -- Installing: /home/unitree/projects/ModelServer/src/ModelServer/models/go2/spacemouse/ros2/install/robot_state/include/robot_state/msg/detail/pose_multi_stamped__functions.c
[13.401s] -- Installing: /home/unitree/projects/ModelServer/src/ModelServer/models/go2/spacemouse/ros2/install/robot_state/include/robot_state/msg/detail/eef_traj__functions.h
[13.402s] -- Installing: /home/unitree/projects/ModelServer/src/ModelServer/models/go2/spacemouse/ros2/install/robot_state/include/robot_state/msg/detail/eef_traj__struct.h
[13.402s] -- Installing: /home/unitree/projects/ModelServer/src/ModelServer/models/go2/spacemouse/ros2/install/robot_state/include/robot_state/msg/detail/pose_multi_stamped__struct.h
[13.402s] -- Installing: /home/unitree/projects/ModelServer/src/ModelServer/models/go2/spacemouse/ros2/install/robot_state/include/robot_state/msg/detail/eef_state__functions.c
[13.402s] -- Installing: /home/unitree/projects/ModelServer/src/ModelServer/models/go2/spacemouse/ros2/install/robot_state/include/robot_state/msg/detail/eef_traj__functions.c
[13.403s] -- Installing: /home/unitree/projects/ModelServer/src/ModelServer/models/go2/spacemouse/ros2/install/robot_state/include/robot_state/msg/detail/eef_traj__type_support.h
[13.403s] -- Installing: /home/unitree/projects/ModelServer/src/ModelServer/models/go2/spacemouse/ros2/install/robot_state/include/robot_state/msg/eef_state.h
[13.403s] -- Installing: /home/unitree/projects/ModelServer/src/ModelServer/models/go2/spacemouse/ros2/install/robot_state/include/robot_state/msg/eef_traj.h
[13.403s] -- Installing: /home/unitree/projects/ModelServer/src/ModelServer/models/go2/spacemouse/ros2/install/robot_state/share/robot_state/environment/library_path.sh
[13.404s] -- Installing: /home/unitree/projects/ModelServer/src/ModelServer/models/go2/spacemouse/ros2/install/robot_state/share/robot_state/environment/library_path.dsv
[13.405s] -- Installing: /home/unitree/projects/ModelServer/src/ModelServer/models/go2/spacemouse/ros2/install/robot_state/lib/librobot_state__rosidl_generator_c.so
[13.406s] -- Set runtime path of "/home/unitree/projects/ModelServer/src/ModelServer/models/go2/spacemouse/ros2/install/robot_state/lib/librobot_state__rosidl_generator_c.so" to ""
[13.406s] -- Up-to-date: /home/unitree/projects/ModelServer/src/ModelServer/models/go2/spacemouse/ros2/install/robot_state/include/robot_state
[13.406s] -- Up-to-date: /home/unitree/projects/ModelServer/src/ModelServer/models/go2/spacemouse/ros2/install/robot_state/include/robot_state/msg
[13.406s] -- Installing: /home/unitree/projects/ModelServer/src/ModelServer/models/go2/spacemouse/ros2/install/robot_state/include/robot_state/msg/rosidl_typesupport_fastrtps_c__visibility_control.h
[13.406s] -- Up-to-date: /home/unitree/projects/ModelServer/src/ModelServer/models/go2/spacemouse/ros2/install/robot_state/include/robot_state/msg/detail
[13.406s] -- Installing: /home/unitree/projects/ModelServer/src/ModelServer/models/go2/spacemouse/ros2/install/robot_state/include/robot_state/msg/detail/eef_state__rosidl_typesupport_fastrtps_c.h
[13.406s] -- Installing: /home/unitree/projects/ModelServer/src/ModelServer/models/go2/spacemouse/ros2/install/robot_state/include/robot_state/msg/detail/pose_multi_stamped__rosidl_typesupport_fastrtps_c.h
[13.406s] -- Installing: /home/unitree/projects/ModelServer/src/ModelServer/models/go2/spacemouse/ros2/install/robot_state/include/robot_state/msg/detail/eef_traj__rosidl_typesupport_fastrtps_c.h
[13.407s] -- Installing: /home/unitree/projects/ModelServer/src/ModelServer/models/go2/spacemouse/ros2/install/robot_state/lib/librobot_state__rosidl_typesupport_fastrtps_c.so
[13.408s] -- Set runtime path of "/home/unitree/projects/ModelServer/src/ModelServer/models/go2/spacemouse/ros2/install/robot_state/lib/librobot_state__rosidl_typesupport_fastrtps_c.so" to ""
[13.408s] -- Up-to-date: /home/unitree/projects/ModelServer/src/ModelServer/models/go2/spacemouse/ros2/install/robot_state/include/robot_state
[13.408s] -- Up-to-date: /home/unitree/projects/ModelServer/src/ModelServer/models/go2/spacemouse/ros2/install/robot_state/include/robot_state/msg
[13.408s] -- Installing: /home/unitree/projects/ModelServer/src/ModelServer/models/go2/spacemouse/ros2/install/robot_state/include/robot_state/msg/rosidl_typesupport_fastrtps_cpp__visibility_control.h
[13.408s] -- Up-to-date: /home/unitree/projects/ModelServer/src/ModelServer/models/go2/spacemouse/ros2/install/robot_state/include/robot_state/msg/detail
[13.408s] -- Installing: /home/unitree/projects/ModelServer/src/ModelServer/models/go2/spacemouse/ros2/install/robot_state/include/robot_state/msg/detail/pose_multi_stamped__rosidl_typesupport_fastrtps_cpp.hpp
[13.409s] -- Installing: /home/unitree/projects/ModelServer/src/ModelServer/models/go2/spacemouse/ros2/install/robot_state/include/robot_state/msg/detail/eef_traj__rosidl_typesupport_fastrtps_cpp.hpp
[13.409s] -- Installing: /home/unitree/projects/ModelServer/src/ModelServer/models/go2/spacemouse/ros2/install/robot_state/include/robot_state/msg/detail/eef_state__rosidl_typesupport_fastrtps_cpp.hpp
[13.409s] -- Installing: /home/unitree/projects/ModelServer/src/ModelServer/models/go2/spacemouse/ros2/install/robot_state/include/robot_state/msg/detail/dds_fastrtps
[13.409s] -- Installing: /home/unitree/projects/ModelServer/src/ModelServer/models/go2/spacemouse/ros2/install/robot_state/lib/librobot_state__rosidl_typesupport_fastrtps_cpp.so
[13.410s] -- Set runtime path of "/home/unitree/projects/ModelServer/src/ModelServer/models/go2/spacemouse/ros2/install/robot_state/lib/librobot_state__rosidl_typesupport_fastrtps_cpp.so" to ""
[13.411s] -- Up-to-date: /home/unitree/projects/ModelServer/src/ModelServer/models/go2/spacemouse/ros2/install/robot_state/include/robot_state
[13.411s] -- Up-to-date: /home/unitree/projects/ModelServer/src/ModelServer/models/go2/spacemouse/ros2/install/robot_state/include/robot_state/msg
[13.411s] -- Installing: /home/unitree/projects/ModelServer/src/ModelServer/models/go2/spacemouse/ros2/install/robot_state/include/robot_state/msg/rosidl_typesupport_introspection_c__visibility_control.h
[13.411s] -- Up-to-date: /home/unitree/projects/ModelServer/src/ModelServer/models/go2/spacemouse/ros2/install/robot_state/include/robot_state/msg/detail
[13.411s] -- Installing: /home/unitree/projects/ModelServer/src/ModelServer/models/go2/spacemouse/ros2/install/robot_state/include/robot_state/msg/detail/pose_multi_stamped__type_support.c
[13.411s] -- Installing: /home/unitree/projects/ModelServer/src/ModelServer/models/go2/spacemouse/ros2/install/robot_state/include/robot_state/msg/detail/eef_traj__rosidl_typesupport_introspection_c.h
[13.411s] -- Installing: /home/unitree/projects/ModelServer/src/ModelServer/models/go2/spacemouse/ros2/install/robot_state/include/robot_state/msg/detail/eef_state__type_support.c
[13.411s] -- Installing: /home/unitree/projects/ModelServer/src/ModelServer/models/go2/spacemouse/ros2/install/robot_state/include/robot_state/msg/detail/eef_traj__type_support.c
[13.412s] -- Installing: /home/unitree/projects/ModelServer/src/ModelServer/models/go2/spacemouse/ros2/install/robot_state/include/robot_state/msg/detail/pose_multi_stamped__rosidl_typesupport_introspection_c.h
[13.412s] -- Installing: /home/unitree/projects/ModelServer/src/ModelServer/models/go2/spacemouse/ros2/install/robot_state/include/robot_state/msg/detail/eef_state__rosidl_typesupport_introspection_c.h
[13.412s] -- Installing: /home/unitree/projects/ModelServer/src/ModelServer/models/go2/spacemouse/ros2/install/robot_state/lib/librobot_state__rosidl_typesupport_introspection_c.so
[13.413s] -- Set runtime path of "/home/unitree/projects/ModelServer/src/ModelServer/models/go2/spacemouse/ros2/install/robot_state/lib/librobot_state__rosidl_typesupport_introspection_c.so" to ""
[13.413s] -- Installing: /home/unitree/projects/ModelServer/src/ModelServer/models/go2/spacemouse/ros2/install/robot_state/lib/librobot_state__rosidl_typesupport_c.so
[13.414s] -- Set runtime path of "/home/unitree/projects/ModelServer/src/ModelServer/models/go2/spacemouse/ros2/install/robot_state/lib/librobot_state__rosidl_typesupport_c.so" to ""
[13.414s] -- Up-to-date: /home/unitree/projects/ModelServer/src/ModelServer/models/go2/spacemouse/ros2/install/robot_state/include/robot_state
[13.414s] -- Up-to-date: /home/unitree/projects/ModelServer/src/ModelServer/models/go2/spacemouse/ros2/install/robot_state/include/robot_state/msg
[13.415s] -- Installing: /home/unitree/projects/ModelServer/src/ModelServer/models/go2/spacemouse/ros2/install/robot_state/include/robot_state/msg/eef_traj.hpp
[13.415s] -- Installing: /home/unitree/projects/ModelServer/src/ModelServer/models/go2/spacemouse/ros2/install/robot_state/include/robot_state/msg/pose_multi_stamped.hpp
[13.415s] -- Up-to-date: /home/unitree/projects/ModelServer/src/ModelServer/models/go2/spacemouse/ros2/install/robot_state/include/robot_state/msg/detail
[13.415s] -- Installing: /home/unitree/projects/ModelServer/src/ModelServer/models/go2/spacemouse/ros2/install/robot_state/include/robot_state/msg/detail/pose_multi_stamped__traits.hpp
[13.415s] -- Installing: /home/unitree/projects/ModelServer/src/ModelServer/models/go2/spacemouse/ros2/install/robot_state/include/robot_state/msg/detail/eef_state__builder.hpp
[13.415s] -- Installing: /home/unitree/projects/ModelServer/src/ModelServer/models/go2/spacemouse/ros2/install/robot_state/include/robot_state/msg/detail/pose_multi_stamped__struct.hpp
[13.415s] -- Installing: /home/unitree/projects/ModelServer/src/ModelServer/models/go2/spacemouse/ros2/install/robot_state/include/robot_state/msg/detail/pose_multi_stamped__builder.hpp
[13.416s] -- Installing: /home/unitree/projects/ModelServer/src/ModelServer/models/go2/spacemouse/ros2/install/robot_state/include/robot_state/msg/detail/eef_traj__traits.hpp
[13.416s] -- Installing: /home/unitree/projects/ModelServer/src/ModelServer/models/go2/spacemouse/ros2/install/robot_state/include/robot_state/msg/detail/eef_traj__struct.hpp
[13.416s] -- Installing: /home/unitree/projects/ModelServer/src/ModelServer/models/go2/spacemouse/ros2/install/robot_state/include/robot_state/msg/detail/eef_state__struct.hpp
[13.416s] -- Installing: /home/unitree/projects/ModelServer/src/ModelServer/models/go2/spacemouse/ros2/install/robot_state/include/robot_state/msg/detail/eef_state__traits.hpp
[13.417s] -- Installing: /home/unitree/projects/ModelServer/src/ModelServer/models/go2/spacemouse/ros2/install/robot_state/include/robot_state/msg/detail/pose_multi_stamped__type_support.hpp
[13.417s] -- Installing: /home/unitree/projects/ModelServer/src/ModelServer/models/go2/spacemouse/ros2/install/robot_state/include/robot_state/msg/detail/eef_traj__builder.hpp
[13.417s] -- Installing: /home/unitree/projects/ModelServer/src/ModelServer/models/go2/spacemouse/ros2/install/robot_state/include/robot_state/msg/detail/eef_traj__type_support.hpp
[13.417s] -- Installing: /home/unitree/projects/ModelServer/src/ModelServer/models/go2/spacemouse/ros2/install/robot_state/include/robot_state/msg/detail/eef_state__type_support.hpp
[13.417s] -- Installing: /home/unitree/projects/ModelServer/src/ModelServer/models/go2/spacemouse/ros2/install/robot_state/include/robot_state/msg/rosidl_generator_cpp__visibility_control.hpp
[13.418s] -- Installing: /home/unitree/projects/ModelServer/src/ModelServer/models/go2/spacemouse/ros2/install/robot_state/include/robot_state/msg/eef_state.hpp
[13.418s] -- Up-to-date: /home/unitree/projects/ModelServer/src/ModelServer/models/go2/spacemouse/ros2/install/robot_state/include/robot_state
[13.418s] -- Up-to-date: /home/unitree/projects/ModelServer/src/ModelServer/models/go2/spacemouse/ros2/install/robot_state/include/robot_state/msg
[13.418s] -- Up-to-date: /home/unitree/projects/ModelServer/src/ModelServer/models/go2/spacemouse/ros2/install/robot_state/include/robot_state/msg/detail
[13.419s] -- Installing: /home/unitree/projects/ModelServer/src/ModelServer/models/go2/spacemouse/ros2/install/robot_state/include/robot_state/msg/detail/pose_multi_stamped__type_support.cpp
[13.419s] -- Installing: /home/unitree/projects/ModelServer/src/ModelServer/models/go2/spacemouse/ros2/install/robot_state/include/robot_state/msg/detail/eef_traj__type_support.cpp
[13.419s] -- Installing: /home/unitree/projects/ModelServer/src/ModelServer/models/go2/spacemouse/ros2/install/robot_state/include/robot_state/msg/detail/eef_state__rosidl_typesupport_introspection_cpp.hpp
[13.419s] -- Installing: /home/unitree/projects/ModelServer/src/ModelServer/models/go2/spacemouse/ros2/install/robot_state/include/robot_state/msg/detail/eef_traj__rosidl_typesupport_introspection_cpp.hpp
[13.419s] -- Installing: /home/unitree/projects/ModelServer/src/ModelServer/models/go2/spacemouse/ros2/install/robot_state/include/robot_state/msg/detail/pose_multi_stamped__rosidl_typesupport_introspection_cpp.hpp
[13.419s] -- Installing: /home/unitree/projects/ModelServer/src/ModelServer/models/go2/spacemouse/ros2/install/robot_state/include/robot_state/msg/detail/eef_state__type_support.cpp
[13.420s] -- Installing: /home/unitree/projects/ModelServer/src/ModelServer/models/go2/spacemouse/ros2/install/robot_state/lib/librobot_state__rosidl_typesupport_introspection_cpp.so
[13.421s] -- Set runtime path of "/home/unitree/projects/ModelServer/src/ModelServer/models/go2/spacemouse/ros2/install/robot_state/lib/librobot_state__rosidl_typesupport_introspection_cpp.so" to ""
[13.421s] -- Installing: /home/unitree/projects/ModelServer/src/ModelServer/models/go2/spacemouse/ros2/install/robot_state/lib/librobot_state__rosidl_typesupport_cpp.so
[13.422s] -- Set runtime path of "/home/unitree/projects/ModelServer/src/ModelServer/models/go2/spacemouse/ros2/install/robot_state/lib/librobot_state__rosidl_typesupport_cpp.so" to ""
[13.422s] -- Installing: /home/unitree/projects/ModelServer/src/ModelServer/models/go2/spacemouse/ros2/install/robot_state/share/robot_state/environment/pythonpath.sh
[13.422s] -- Installing: /home/unitree/projects/ModelServer/src/ModelServer/models/go2/spacemouse/ros2/install/robot_state/share/robot_state/environment/pythonpath.dsv
[13.423s] -- Installing: /home/unitree/projects/ModelServer/src/ModelServer/models/go2/spacemouse/ros2/install/robot_state/lib/python3.8/site-packages/robot_state/__init__.py
[13.497s] Compiling '/home/unitree/projects/ModelServer/src/ModelServer/models/go2/spacemouse/ros2/install/robot_state/lib/python3.8/site-packages/robot_state/__init__.py'...
[13.508s] -- Installing: /home/unitree/projects/ModelServer/src/ModelServer/models/go2/spacemouse/ros2/install/robot_state/lib/python3.8/site-packages/robot_state/msg
[13.509s] -- Installing: /home/unitree/projects/ModelServer/src/ModelServer/models/go2/spacemouse/ros2/install/robot_state/lib/python3.8/site-packages/robot_state/msg/_eef_traj_s.c
[13.509s] -- Installing: /home/unitree/projects/ModelServer/src/ModelServer/models/go2/spacemouse/ros2/install/robot_state/lib/python3.8/site-packages/robot_state/msg/_eef_traj.py
[13.509s] -- Installing: /home/unitree/projects/ModelServer/src/ModelServer/models/go2/spacemouse/ros2/install/robot_state/lib/python3.8/site-packages/robot_state/msg/_pose_multi_stamped.py
[13.509s] -- Installing: /home/unitree/projects/ModelServer/src/ModelServer/models/go2/spacemouse/ros2/install/robot_state/lib/python3.8/site-packages/robot_state/msg/_eef_state.py
[13.509s] -- Installing: /home/unitree/projects/ModelServer/src/ModelServer/models/go2/spacemouse/ros2/install/robot_state/lib/python3.8/site-packages/robot_state/msg/__init__.py
[13.510s] -- Installing: /home/unitree/projects/ModelServer/src/ModelServer/models/go2/spacemouse/ros2/install/robot_state/lib/python3.8/site-packages/robot_state/msg/_pose_multi_stamped_s.c
[13.510s] -- Installing: /home/unitree/projects/ModelServer/src/ModelServer/models/go2/spacemouse/ros2/install/robot_state/lib/python3.8/site-packages/robot_state/msg/_eef_state_s.c
[13.510s] -- Installing: /home/unitree/projects/ModelServer/src/ModelServer/models/go2/spacemouse/ros2/install/robot_state/lib/python3.8/site-packages/robot_state/robot_state_s__rosidl_typesupport_fastrtps_c.cpython-38-aarch64-linux-gnu.so
[13.511s] -- Set runtime path of "/home/unitree/projects/ModelServer/src/ModelServer/models/go2/spacemouse/ros2/install/robot_state/lib/python3.8/site-packages/robot_state/robot_state_s__rosidl_typesupport_fastrtps_c.cpython-38-aarch64-linux-gnu.so" to ""
[13.512s] -- Installing: /home/unitree/projects/ModelServer/src/ModelServer/models/go2/spacemouse/ros2/install/robot_state/lib/python3.8/site-packages/robot_state/robot_state_s__rosidl_typesupport_introspection_c.cpython-38-aarch64-linux-gnu.so
[13.513s] -- Set runtime path of "/home/unitree/projects/ModelServer/src/ModelServer/models/go2/spacemouse/ros2/install/robot_state/lib/python3.8/site-packages/robot_state/robot_state_s__rosidl_typesupport_introspection_c.cpython-38-aarch64-linux-gnu.so" to ""
[13.513s] -- Installing: /home/unitree/projects/ModelServer/src/ModelServer/models/go2/spacemouse/ros2/install/robot_state/lib/python3.8/site-packages/robot_state/robot_state_s__rosidl_typesupport_c.cpython-38-aarch64-linux-gnu.so
[13.514s] -- Set runtime path of "/home/unitree/projects/ModelServer/src/ModelServer/models/go2/spacemouse/ros2/install/robot_state/lib/python3.8/site-packages/robot_state/robot_state_s__rosidl_typesupport_c.cpython-38-aarch64-linux-gnu.so" to ""
[13.514s] -- Installing: /home/unitree/projects/ModelServer/src/ModelServer/models/go2/spacemouse/ros2/install/robot_state/lib/librobot_state__python.so
[13.515s] -- Set runtime path of "/home/unitree/projects/ModelServer/src/ModelServer/models/go2/spacemouse/ros2/install/robot_state/lib/librobot_state__python.so" to ""
[13.515s] -- Installing: /home/unitree/projects/ModelServer/src/ModelServer/models/go2/spacemouse/ros2/install/robot_state/share/robot_state/msg/EEFState.idl
[13.515s] -- Installing: /home/unitree/projects/ModelServer/src/ModelServer/models/go2/spacemouse/ros2/install/robot_state/share/robot_state/msg/EEFTraj.idl
[13.516s] -- Installing: /home/unitree/projects/ModelServer/src/ModelServer/models/go2/spacemouse/ros2/install/robot_state/share/robot_state/msg/PoseMultiStamped.idl
[13.516s] -- Installing: /home/unitree/projects/ModelServer/src/ModelServer/models/go2/spacemouse/ros2/install/robot_state/share/robot_state/msg/EEFState.msg
[13.516s] -- Installing: /home/unitree/projects/ModelServer/src/ModelServer/models/go2/spacemouse/ros2/install/robot_state/share/robot_state/msg/EEFTraj.msg
[13.516s] -- Installing: /home/unitree/projects/ModelServer/src/ModelServer/models/go2/spacemouse/ros2/install/robot_state/share/robot_state/msg/PoseMultiStamped.msg
[13.517s] -- Installing: /home/unitree/projects/ModelServer/src/ModelServer/models/go2/spacemouse/ros2/install/robot_state/share/ament_index/resource_index/package_run_dependencies/robot_state
[13.517s] -- Installing: /home/unitree/projects/ModelServer/src/ModelServer/models/go2/spacemouse/ros2/install/robot_state/share/ament_index/resource_index/parent_prefix_path/robot_state
[13.518s] -- Installing: /home/unitree/projects/ModelServer/src/ModelServer/models/go2/spacemouse/ros2/install/robot_state/share/robot_state/environment/ament_prefix_path.sh
[13.518s] -- Installing: /home/unitree/projects/ModelServer/src/ModelServer/models/go2/spacemouse/ros2/install/robot_state/share/robot_state/environment/ament_prefix_path.dsv
[13.518s] -- Installing: /home/unitree/projects/ModelServer/src/ModelServer/models/go2/spacemouse/ros2/install/robot_state/share/robot_state/environment/path.sh
[13.518s] -- Installing: /home/unitree/projects/ModelServer/src/ModelServer/models/go2/spacemouse/ros2/install/robot_state/share/robot_state/environment/path.dsv
[13.519s] -- Installing: /home/unitree/projects/ModelServer/src/ModelServer/models/go2/spacemouse/ros2/install/robot_state/share/robot_state/local_setup.bash
[13.519s] -- Installing: /home/unitree/projects/ModelServer/src/ModelServer/models/go2/spacemouse/ros2/install/robot_state/share/robot_state/local_setup.sh
[13.519s] -- Installing: /home/unitree/projects/ModelServer/src/ModelServer/models/go2/spacemouse/ros2/install/robot_state/share/robot_state/local_setup.zsh
[13.520s] -- Installing: /home/unitree/projects/ModelServer/src/ModelServer/models/go2/spacemouse/ros2/install/robot_state/share/robot_state/local_setup.dsv
[13.520s] -- Installing: /home/unitree/projects/ModelServer/src/ModelServer/models/go2/spacemouse/ros2/install/robot_state/share/robot_state/package.dsv
[13.520s] -- Installing: /home/unitree/projects/ModelServer/src/ModelServer/models/go2/spacemouse/ros2/install/robot_state/share/ament_index/resource_index/packages/robot_state
[13.521s] -- Installing: /home/unitree/projects/ModelServer/src/ModelServer/models/go2/spacemouse/ros2/install/robot_state/share/robot_state/cmake/robot_state__rosidl_generator_cExport.cmake
[13.521s] -- Installing: /home/unitree/projects/ModelServer/src/ModelServer/models/go2/spacemouse/ros2/install/robot_state/share/robot_state/cmake/robot_state__rosidl_generator_cExport-noconfig.cmake
[13.522s] -- Installing: /home/unitree/projects/ModelServer/src/ModelServer/models/go2/spacemouse/ros2/install/robot_state/share/robot_state/cmake/robot_state__rosidl_typesupport_introspection_cExport.cmake
[13.522s] -- Installing: /home/unitree/projects/ModelServer/src/ModelServer/models/go2/spacemouse/ros2/install/robot_state/share/robot_state/cmake/robot_state__rosidl_typesupport_introspection_cExport-noconfig.cmake
[13.522s] -- Installing: /home/unitree/projects/ModelServer/src/ModelServer/models/go2/spacemouse/ros2/install/robot_state/share/robot_state/cmake/robot_state__rosidl_typesupport_cExport.cmake
[13.523s] -- Installing: /home/unitree/projects/ModelServer/src/ModelServer/models/go2/spacemouse/ros2/install/robot_state/share/robot_state/cmake/robot_state__rosidl_typesupport_cExport-noconfig.cmake
[13.523s] -- Installing: /home/unitree/projects/ModelServer/src/ModelServer/models/go2/spacemouse/ros2/install/robot_state/share/robot_state/cmake/robot_state__rosidl_generator_cppExport.cmake
[13.523s] -- Installing: /home/unitree/projects/ModelServer/src/ModelServer/models/go2/spacemouse/ros2/install/robot_state/share/robot_state/cmake/robot_state__rosidl_typesupport_introspection_cppExport.cmake
[13.524s] -- Installing: /home/unitree/projects/ModelServer/src/ModelServer/models/go2/spacemouse/ros2/install/robot_state/share/robot_state/cmake/robot_state__rosidl_typesupport_introspection_cppExport-noconfig.cmake
[13.524s] -- Installing: /home/unitree/projects/ModelServer/src/ModelServer/models/go2/spacemouse/ros2/install/robot_state/share/robot_state/cmake/robot_state__rosidl_typesupport_cppExport.cmake
[13.524s] -- Installing: /home/unitree/projects/ModelServer/src/ModelServer/models/go2/spacemouse/ros2/install/robot_state/share/robot_state/cmake/robot_state__rosidl_typesupport_cppExport-noconfig.cmake
[13.525s] -- Installing: /home/unitree/projects/ModelServer/src/ModelServer/models/go2/spacemouse/ros2/install/robot_state/share/robot_state/cmake/rosidl_cmake-extras.cmake
[13.525s] -- Installing: /home/unitree/projects/ModelServer/src/ModelServer/models/go2/spacemouse/ros2/install/robot_state/share/robot_state/cmake/ament_cmake_export_dependencies-extras.cmake
[13.525s] -- Installing: /home/unitree/projects/ModelServer/src/ModelServer/models/go2/spacemouse/ros2/install/robot_state/share/robot_state/cmake/ament_cmake_export_libraries-extras.cmake
[13.525s] -- Installing: /home/unitree/projects/ModelServer/src/ModelServer/models/go2/spacemouse/ros2/install/robot_state/share/robot_state/cmake/ament_cmake_export_targets-extras.cmake
[13.526s] -- Installing: /home/unitree/projects/ModelServer/src/ModelServer/models/go2/spacemouse/ros2/install/robot_state/share/robot_state/cmake/ament_cmake_export_include_directories-extras.cmake
[13.526s] -- Installing: /home/unitree/projects/ModelServer/src/ModelServer/models/go2/spacemouse/ros2/install/robot_state/share/robot_state/cmake/rosidl_cmake_export_typesupport_libraries-extras.cmake
[13.526s] -- Installing: /home/unitree/projects/ModelServer/src/ModelServer/models/go2/spacemouse/ros2/install/robot_state/share/robot_state/cmake/rosidl_cmake_export_typesupport_targets-extras.cmake
[13.527s] -- Installing: /home/unitree/projects/ModelServer/src/ModelServer/models/go2/spacemouse/ros2/install/robot_state/share/robot_state/cmake/robot_stateConfig.cmake
[13.527s] -- Installing: /home/unitree/projects/ModelServer/src/ModelServer/models/go2/spacemouse/ros2/install/robot_state/share/robot_state/cmake/robot_stateConfig-version.cmake
[13.527s] -- Installing: /home/unitree/projects/ModelServer/src/ModelServer/models/go2/spacemouse/ros2/install/robot_state/share/robot_state/package.xml
[13.534s] Invoked command in '/home/unitree/projects/ModelServer/src/ModelServer/models/go2/spacemouse/ros2/build/robot_state' returned '0': CMAKE_PREFIX_PATH=${CMAKE_PREFIX_PATH}:/opt/ros/foxy CONDA_PROMPT_MODIFIER=(go2_rc) /usr/bin/cmake --install /home/unitree/projects/ModelServer/src/ModelServer/models/go2/spacemouse/ros2/build/robot_state
