[4.136s] DEBUG:colcon:Command line arguments: ['/usr/bin/colcon', 'build']
[4.137s] DEBUG:colcon:Parsed command line arguments: Namespace(allow_overriding=[], ament_cmake_args=None, base_paths=['.'], build_base='build', catkin_cmake_args=None, catkin_skip_building_tests=False, cmake_args=None, cmake_clean_cache=False, cmake_clean_first=False, cmake_force_configure=False, cmake_target=None, cmake_target_skip_unavailable=False, continue_on_error=False, event_handlers=None, executor='parallel', ignore_user_meta=False, install_base='install', log_base=None, log_level=None, main=<bound method BuildVerb.main of <colcon_core.verb.build.BuildVerb object at 0xffff9398af10>>, merge_install=False, metas=['./colcon.meta'], packages_above=None, packages_above_and_dependencies=None, packages_above_depth=None, packages_end=None, packages_ignore=None, packages_ignore_regex=None, packages_select=None, packages_select_build_failed=False, packages_select_by_dep=None, packages_select_regex=None, packages_select_test_failures=False, packages_skip=None, packages_skip_build_finished=False, packages_skip_by_dep=None, packages_skip_regex=None, packages_skip_test_passed=False, packages_skip_up_to=None, packages_start=None, packages_up_to=None, packages_up_to_regex=None, parallel_workers=4, paths=None, symlink_install=False, test_result_base=None, verb_extension=<colcon_core.verb.build.BuildVerb object at 0xffff9398af10>, verb_name='build', verb_parser=<colcon_defaults.argument_parser.defaults.DefaultArgumentsDecorator object at 0xffff936b5c10>)
[4.332s] Level 1:colcon.colcon_core.package_discovery:discover_packages(colcon_meta) check parameters
[4.332s] Level 1:colcon.colcon_core.package_discovery:discover_packages(recursive) check parameters
[4.332s] Level 1:colcon.colcon_core.package_discovery:discover_packages(ignore) check parameters
[4.332s] Level 1:colcon.colcon_core.package_discovery:discover_packages(path) check parameters
[4.332s] Level 1:colcon.colcon_core.package_discovery:discover_packages(colcon_meta) discover
[4.332s] Level 1:colcon.colcon_core.package_discovery:discover_packages(recursive) discover
[4.333s] INFO:colcon.colcon_core.package_discovery:Crawling recursively for packages in '/home/unitree/projects/ModelServer/src/ModelServer/models/go2/spacemouse/ros2'
[4.333s] Level 1:colcon.colcon_core.package_identification:_identify(.) by extensions ['ignore', 'ignore_ament_install']
[4.333s] Level 1:colcon.colcon_core.package_identification:_identify(.) by extension 'ignore'
[4.333s] Level 1:colcon.colcon_core.package_identification:_identify(.) by extension 'ignore_ament_install'
[4.333s] Level 1:colcon.colcon_core.package_identification:_identify(.) by extensions ['colcon_pkg']
[4.333s] Level 1:colcon.colcon_core.package_identification:_identify(.) by extension 'colcon_pkg'
[4.333s] Level 1:colcon.colcon_core.package_identification:_identify(.) by extensions ['colcon_meta']
[4.333s] Level 1:colcon.colcon_core.package_identification:_identify(.) by extension 'colcon_meta'
[4.334s] Level 1:colcon.colcon_core.package_identification:_identify(.) by extensions ['ros']
[4.334s] Level 1:colcon.colcon_core.package_identification:_identify(.) by extension 'ros'
[4.354s] Level 1:colcon.colcon_core.package_identification:_identify(.) by extensions ['cmake', 'python']
[4.355s] Level 1:colcon.colcon_core.package_identification:_identify(.) by extension 'cmake'
[4.355s] Level 1:colcon.colcon_core.package_identification:_identify(.) by extension 'python'
[4.355s] Level 1:colcon.colcon_core.package_identification:_identify(.) by extensions ['python_setup_py']
[4.355s] Level 1:colcon.colcon_core.package_identification:_identify(.) by extension 'python_setup_py'
[4.355s] Level 1:colcon.colcon_core.package_identification:_identify(build) by extensions ['ignore', 'ignore_ament_install']
[4.355s] Level 1:colcon.colcon_core.package_identification:_identify(build) by extension 'ignore'
[4.356s] Level 1:colcon.colcon_core.package_identification:_identify(build) ignored
[4.356s] Level 1:colcon.colcon_core.package_identification:_identify(install) by extensions ['ignore', 'ignore_ament_install']
[4.356s] Level 1:colcon.colcon_core.package_identification:_identify(install) by extension 'ignore'
[4.356s] Level 1:colcon.colcon_core.package_identification:_identify(install) ignored
[4.356s] Level 1:colcon.colcon_core.package_identification:_identify(log) by extensions ['ignore', 'ignore_ament_install']
[4.357s] Level 1:colcon.colcon_core.package_identification:_identify(log) by extension 'ignore'
[4.357s] Level 1:colcon.colcon_core.package_identification:_identify(log) ignored
[4.357s] Level 1:colcon.colcon_core.package_identification:_identify(robot_state) by extensions ['ignore', 'ignore_ament_install']
[4.357s] Level 1:colcon.colcon_core.package_identification:_identify(robot_state) by extension 'ignore'
[4.357s] Level 1:colcon.colcon_core.package_identification:_identify(robot_state) by extension 'ignore_ament_install'
[4.357s] Level 1:colcon.colcon_core.package_identification:_identify(robot_state) by extensions ['colcon_pkg']
[4.357s] Level 1:colcon.colcon_core.package_identification:_identify(robot_state) by extension 'colcon_pkg'
[4.357s] Level 1:colcon.colcon_core.package_identification:_identify(robot_state) by extensions ['colcon_meta']
[4.357s] Level 1:colcon.colcon_core.package_identification:_identify(robot_state) by extension 'colcon_meta'
[4.358s] Level 1:colcon.colcon_core.package_identification:_identify(robot_state) by extensions ['ros']
[4.358s] Level 1:colcon.colcon_core.package_identification:_identify(robot_state) by extension 'ros'
[4.363s] DEBUG:colcon.colcon_core.package_identification:Package 'robot_state' with type 'ros.ament_cmake' and name 'robot_state'
[4.363s] Level 1:colcon.colcon_core.package_discovery:discover_packages(recursive) using defaults
[4.363s] Level 1:colcon.colcon_core.package_discovery:discover_packages(ignore) discover
[4.363s] Level 1:colcon.colcon_core.package_discovery:discover_packages(ignore) using defaults
[4.363s] Level 1:colcon.colcon_core.package_discovery:discover_packages(path) discover
[4.363s] Level 1:colcon.colcon_core.package_discovery:discover_packages(path) using defaults
[4.740s] Level 1:colcon.colcon_core.package_discovery:discover_packages(prefix_path) check parameters
[4.740s] Level 1:colcon.colcon_core.package_discovery:discover_packages(prefix_path) discover
[4.915s] DEBUG:colcon.colcon_installed_package_information.package_discovery:Found 1 installed packages in /home/unitree/projects/umi-on-legs/real-wbc/install
[4.984s] DEBUG:colcon.colcon_installed_package_information.package_discovery:Found 2 installed packages in /home/unitree/cyclonedds_ws/install
[5.053s] DEBUG:colcon.colcon_installed_package_information.package_discovery:Found 5 installed packages in /home/unitree/unitree_ros2/cyclonedds_ws/install
[5.124s] DEBUG:colcon.colcon_installed_package_information.package_discovery:Found 293 installed packages in /opt/ros/foxy
[5.126s] Level 1:colcon.colcon_core.package_discovery:discover_packages(prefix_path) using defaults
[5.415s] Level 5:colcon.colcon_core.verb:set package 'robot_state' build argument 'cmake_args' from command line to 'None'
[5.416s] Level 5:colcon.colcon_core.verb:set package 'robot_state' build argument 'cmake_target' from command line to 'None'
[5.416s] Level 5:colcon.colcon_core.verb:set package 'robot_state' build argument 'cmake_target_skip_unavailable' from command line to 'False'
[5.416s] Level 5:colcon.colcon_core.verb:set package 'robot_state' build argument 'cmake_clean_cache' from command line to 'False'
[5.416s] Level 5:colcon.colcon_core.verb:set package 'robot_state' build argument 'cmake_clean_first' from command line to 'False'
[5.416s] Level 5:colcon.colcon_core.verb:set package 'robot_state' build argument 'cmake_force_configure' from command line to 'False'
[5.416s] Level 5:colcon.colcon_core.verb:set package 'robot_state' build argument 'ament_cmake_args' from command line to 'None'
[5.416s] Level 5:colcon.colcon_core.verb:set package 'robot_state' build argument 'catkin_cmake_args' from command line to 'None'
[5.416s] Level 5:colcon.colcon_core.verb:set package 'robot_state' build argument 'catkin_skip_building_tests' from command line to 'False'
[5.416s] DEBUG:colcon.colcon_core.verb:Building package 'robot_state' with the following arguments: {'ament_cmake_args': None, 'build_base': '/home/unitree/projects/ModelServer/src/ModelServer/models/go2/spacemouse/ros2/build/robot_state', 'catkin_cmake_args': None, 'catkin_skip_building_tests': False, 'cmake_args': None, 'cmake_clean_cache': False, 'cmake_clean_first': False, 'cmake_force_configure': False, 'cmake_target': None, 'cmake_target_skip_unavailable': False, 'install_base': '/home/unitree/projects/ModelServer/src/ModelServer/models/go2/spacemouse/ros2/install/robot_state', 'merge_install': False, 'path': '/home/unitree/projects/ModelServer/src/ModelServer/models/go2/spacemouse/ros2/robot_state', 'symlink_install': False, 'test_result_base': None}
[5.486s] INFO:colcon.colcon_core.executor:Executing jobs using 'parallel' executor
[5.557s] DEBUG:colcon.colcon_parallel_executor.executor.parallel:run_until_complete
[5.559s] INFO:colcon.colcon_ros.task.ament_cmake.build:Building ROS package in '/home/unitree/projects/ModelServer/src/ModelServer/models/go2/spacemouse/ros2/robot_state' with build type 'ament_cmake'
[5.560s] INFO:colcon.colcon_cmake.task.cmake.build:Building CMake package in '/home/unitree/projects/ModelServer/src/ModelServer/models/go2/spacemouse/ros2/robot_state'
[5.635s] INFO:colcon.colcon_core.plugin_system:Skipping extension 'colcon_core.shell.bat': Not used on non-Windows systems
[5.636s] INFO:colcon.colcon_core.shell:Skip shell extension 'powershell' for command environment: Not usable outside of PowerShell
[5.636s] DEBUG:colcon.colcon_core.shell:Skip shell extension 'dsv' for command environment
[6.033s] DEBUG:colcon.colcon_core.event_handler.log_command:Invoking command in '/home/unitree/projects/ModelServer/src/ModelServer/models/go2/spacemouse/ros2/build/robot_state': CMAKE_PREFIX_PATH=${CMAKE_PREFIX_PATH}:/opt/ros/foxy CONDA_PROMPT_MODIFIER=(go2_rc) /usr/bin/cmake /home/unitree/projects/ModelServer/src/ModelServer/models/go2/spacemouse/ros2/robot_state -DCMAKE_INSTALL_PREFIX=/home/unitree/projects/ModelServer/src/ModelServer/models/go2/spacemouse/ros2/install/robot_state
[9.494s] DEBUG:colcon.colcon_core.event_handler.log_command:Invoked command in '/home/unitree/projects/ModelServer/src/ModelServer/models/go2/spacemouse/ros2/build/robot_state' returned '0': CMAKE_PREFIX_PATH=${CMAKE_PREFIX_PATH}:/opt/ros/foxy CONDA_PROMPT_MODIFIER=(go2_rc) /usr/bin/cmake /home/unitree/projects/ModelServer/src/ModelServer/models/go2/spacemouse/ros2/robot_state -DCMAKE_INSTALL_PREFIX=/home/unitree/projects/ModelServer/src/ModelServer/models/go2/spacemouse/ros2/install/robot_state
[9.500s] DEBUG:colcon.colcon_core.event_handler.log_command:Invoking command in '/home/unitree/projects/ModelServer/src/ModelServer/models/go2/spacemouse/ros2/build/robot_state': CMAKE_PREFIX_PATH=${CMAKE_PREFIX_PATH}:/opt/ros/foxy CONDA_PROMPT_MODIFIER=(go2_rc) /usr/bin/cmake --build /home/unitree/projects/ModelServer/src/ModelServer/models/go2/spacemouse/ros2/build/robot_state -- -j4 -l4
[18.741s] DEBUG:colcon.colcon_core.event_handler.log_command:Invoked command in '/home/unitree/projects/ModelServer/src/ModelServer/models/go2/spacemouse/ros2/build/robot_state' returned '0': CMAKE_PREFIX_PATH=${CMAKE_PREFIX_PATH}:/opt/ros/foxy CONDA_PROMPT_MODIFIER=(go2_rc) /usr/bin/cmake --build /home/unitree/projects/ModelServer/src/ModelServer/models/go2/spacemouse/ros2/build/robot_state -- -j4 -l4
[18.937s] DEBUG:colcon.colcon_core.event_handler.log_command:Invoking command in '/home/unitree/projects/ModelServer/src/ModelServer/models/go2/spacemouse/ros2/build/robot_state': CMAKE_PREFIX_PATH=${CMAKE_PREFIX_PATH}:/opt/ros/foxy CONDA_PROMPT_MODIFIER=(go2_rc) /usr/bin/cmake --install /home/unitree/projects/ModelServer/src/ModelServer/models/go2/spacemouse/ros2/build/robot_state
[19.092s] Level 1:colcon.colcon_core.environment:create_environment_scripts_only(robot_state)
[19.094s] DEBUG:colcon.colcon_core.event_handler.log_command:Invoked command in '/home/unitree/projects/ModelServer/src/ModelServer/models/go2/spacemouse/ros2/build/robot_state' returned '0': CMAKE_PREFIX_PATH=${CMAKE_PREFIX_PATH}:/opt/ros/foxy CONDA_PROMPT_MODIFIER=(go2_rc) /usr/bin/cmake --install /home/unitree/projects/ModelServer/src/ModelServer/models/go2/spacemouse/ros2/build/robot_state
[19.190s] Level 1:colcon.colcon_core.environment:checking '/home/unitree/projects/ModelServer/src/ModelServer/models/go2/spacemouse/ros2/install/robot_state' for CMake module files
[19.191s] Level 1:colcon.colcon_core.environment:checking '/home/unitree/projects/ModelServer/src/ModelServer/models/go2/spacemouse/ros2/install/robot_state' for CMake config files
[19.192s] Level 1:colcon.colcon_core.shell:create_environment_hook('robot_state', 'cmake_prefix_path')
[19.265s] INFO:colcon.colcon_core.shell:Creating environment hook '/home/unitree/projects/ModelServer/src/ModelServer/models/go2/spacemouse/ros2/install/robot_state/share/robot_state/hook/cmake_prefix_path.ps1'
[19.267s] INFO:colcon.colcon_core.shell:Creating environment descriptor '/home/unitree/projects/ModelServer/src/ModelServer/models/go2/spacemouse/ros2/install/robot_state/share/robot_state/hook/cmake_prefix_path.dsv'
[19.268s] INFO:colcon.colcon_core.shell:Creating environment hook '/home/unitree/projects/ModelServer/src/ModelServer/models/go2/spacemouse/ros2/install/robot_state/share/robot_state/hook/cmake_prefix_path.sh'
[19.270s] Level 1:colcon.colcon_core.environment:checking '/home/unitree/projects/ModelServer/src/ModelServer/models/go2/spacemouse/ros2/install/robot_state/lib'
[19.270s] Level 1:colcon.colcon_core.shell:create_environment_hook('robot_state', 'ld_library_path_lib')
[19.341s] INFO:colcon.colcon_core.shell:Creating environment hook '/home/unitree/projects/ModelServer/src/ModelServer/models/go2/spacemouse/ros2/install/robot_state/share/robot_state/hook/ld_library_path_lib.ps1'
[19.343s] INFO:colcon.colcon_core.shell:Creating environment descriptor '/home/unitree/projects/ModelServer/src/ModelServer/models/go2/spacemouse/ros2/install/robot_state/share/robot_state/hook/ld_library_path_lib.dsv'
[19.343s] INFO:colcon.colcon_core.shell:Creating environment hook '/home/unitree/projects/ModelServer/src/ModelServer/models/go2/spacemouse/ros2/install/robot_state/share/robot_state/hook/ld_library_path_lib.sh'
[19.344s] Level 1:colcon.colcon_core.environment:checking '/home/unitree/projects/ModelServer/src/ModelServer/models/go2/spacemouse/ros2/install/robot_state/bin'
[19.344s] Level 1:colcon.colcon_core.environment:checking '/home/unitree/projects/ModelServer/src/ModelServer/models/go2/spacemouse/ros2/install/robot_state/lib/pkgconfig/robot_state.pc'
[19.345s] Level 1:colcon.colcon_core.environment:checking '/home/unitree/projects/ModelServer/src/ModelServer/models/go2/spacemouse/ros2/install/robot_state/lib/python3.8/site-packages'
[19.345s] Level 1:colcon.colcon_core.shell:create_environment_hook('robot_state', 'pythonpath')
[19.414s] INFO:colcon.colcon_core.shell:Creating environment hook '/home/unitree/projects/ModelServer/src/ModelServer/models/go2/spacemouse/ros2/install/robot_state/share/robot_state/hook/pythonpath.ps1'
[19.415s] INFO:colcon.colcon_core.shell:Creating environment descriptor '/home/unitree/projects/ModelServer/src/ModelServer/models/go2/spacemouse/ros2/install/robot_state/share/robot_state/hook/pythonpath.dsv'
[19.416s] INFO:colcon.colcon_core.shell:Creating environment hook '/home/unitree/projects/ModelServer/src/ModelServer/models/go2/spacemouse/ros2/install/robot_state/share/robot_state/hook/pythonpath.sh'
[19.416s] Level 1:colcon.colcon_core.environment:checking '/home/unitree/projects/ModelServer/src/ModelServer/models/go2/spacemouse/ros2/install/robot_state/bin'
[19.486s] INFO:colcon.colcon_core.shell:Creating package script '/home/unitree/projects/ModelServer/src/ModelServer/models/go2/spacemouse/ros2/install/robot_state/share/robot_state/package.ps1'
[19.488s] INFO:colcon.colcon_core.shell:Creating package descriptor '/home/unitree/projects/ModelServer/src/ModelServer/models/go2/spacemouse/ros2/install/robot_state/share/robot_state/package.dsv'
[19.490s] INFO:colcon.colcon_core.shell:Creating package script '/home/unitree/projects/ModelServer/src/ModelServer/models/go2/spacemouse/ros2/install/robot_state/share/robot_state/package.sh'
[19.491s] INFO:colcon.colcon_core.shell:Creating package script '/home/unitree/projects/ModelServer/src/ModelServer/models/go2/spacemouse/ros2/install/robot_state/share/robot_state/package.bash'
[19.492s] INFO:colcon.colcon_core.shell:Creating package script '/home/unitree/projects/ModelServer/src/ModelServer/models/go2/spacemouse/ros2/install/robot_state/share/robot_state/package.zsh'
[19.494s] Level 1:colcon.colcon_core.environment:create_file_with_runtime_dependencies(/home/unitree/projects/ModelServer/src/ModelServer/models/go2/spacemouse/ros2/install/robot_state/share/colcon-core/packages/robot_state)
[19.738s] Level 1:colcon.colcon_core.environment:create_environment_scripts_only(robot_state)
[19.809s] Level 1:colcon.colcon_core.environment:checking '/home/unitree/projects/ModelServer/src/ModelServer/models/go2/spacemouse/ros2/install/robot_state' for CMake module files
[19.810s] Level 1:colcon.colcon_core.environment:checking '/home/unitree/projects/ModelServer/src/ModelServer/models/go2/spacemouse/ros2/install/robot_state' for CMake config files
[19.810s] Level 1:colcon.colcon_core.shell:create_environment_hook('robot_state', 'cmake_prefix_path')
[19.880s] INFO:colcon.colcon_core.shell:Creating environment hook '/home/unitree/projects/ModelServer/src/ModelServer/models/go2/spacemouse/ros2/install/robot_state/share/robot_state/hook/cmake_prefix_path.ps1'
[19.881s] INFO:colcon.colcon_core.shell:Creating environment descriptor '/home/unitree/projects/ModelServer/src/ModelServer/models/go2/spacemouse/ros2/install/robot_state/share/robot_state/hook/cmake_prefix_path.dsv'
[19.882s] INFO:colcon.colcon_core.shell:Creating environment hook '/home/unitree/projects/ModelServer/src/ModelServer/models/go2/spacemouse/ros2/install/robot_state/share/robot_state/hook/cmake_prefix_path.sh'
[19.883s] Level 1:colcon.colcon_core.environment:checking '/home/unitree/projects/ModelServer/src/ModelServer/models/go2/spacemouse/ros2/install/robot_state/lib'
[19.883s] Level 1:colcon.colcon_core.shell:create_environment_hook('robot_state', 'ld_library_path_lib')
[19.953s] INFO:colcon.colcon_core.shell:Creating environment hook '/home/unitree/projects/ModelServer/src/ModelServer/models/go2/spacemouse/ros2/install/robot_state/share/robot_state/hook/ld_library_path_lib.ps1'
[19.954s] INFO:colcon.colcon_core.shell:Creating environment descriptor '/home/unitree/projects/ModelServer/src/ModelServer/models/go2/spacemouse/ros2/install/robot_state/share/robot_state/hook/ld_library_path_lib.dsv'
[19.954s] INFO:colcon.colcon_core.shell:Creating environment hook '/home/unitree/projects/ModelServer/src/ModelServer/models/go2/spacemouse/ros2/install/robot_state/share/robot_state/hook/ld_library_path_lib.sh'
[19.955s] Level 1:colcon.colcon_core.environment:checking '/home/unitree/projects/ModelServer/src/ModelServer/models/go2/spacemouse/ros2/install/robot_state/bin'
[19.955s] Level 1:colcon.colcon_core.environment:checking '/home/unitree/projects/ModelServer/src/ModelServer/models/go2/spacemouse/ros2/install/robot_state/lib/pkgconfig/robot_state.pc'
[19.956s] Level 1:colcon.colcon_core.environment:checking '/home/unitree/projects/ModelServer/src/ModelServer/models/go2/spacemouse/ros2/install/robot_state/lib/python3.8/site-packages'
[19.956s] Level 1:colcon.colcon_core.shell:create_environment_hook('robot_state', 'pythonpath')
[20.025s] INFO:colcon.colcon_core.shell:Creating environment hook '/home/unitree/projects/ModelServer/src/ModelServer/models/go2/spacemouse/ros2/install/robot_state/share/robot_state/hook/pythonpath.ps1'
[20.026s] INFO:colcon.colcon_core.shell:Creating environment descriptor '/home/unitree/projects/ModelServer/src/ModelServer/models/go2/spacemouse/ros2/install/robot_state/share/robot_state/hook/pythonpath.dsv'
[20.026s] INFO:colcon.colcon_core.shell:Creating environment hook '/home/unitree/projects/ModelServer/src/ModelServer/models/go2/spacemouse/ros2/install/robot_state/share/robot_state/hook/pythonpath.sh'
[20.027s] Level 1:colcon.colcon_core.environment:checking '/home/unitree/projects/ModelServer/src/ModelServer/models/go2/spacemouse/ros2/install/robot_state/bin'
[20.097s] INFO:colcon.colcon_core.shell:Creating package script '/home/unitree/projects/ModelServer/src/ModelServer/models/go2/spacemouse/ros2/install/robot_state/share/robot_state/package.ps1'
[20.098s] INFO:colcon.colcon_core.shell:Creating package descriptor '/home/unitree/projects/ModelServer/src/ModelServer/models/go2/spacemouse/ros2/install/robot_state/share/robot_state/package.dsv'
[20.099s] INFO:colcon.colcon_core.shell:Creating package script '/home/unitree/projects/ModelServer/src/ModelServer/models/go2/spacemouse/ros2/install/robot_state/share/robot_state/package.sh'
[20.100s] INFO:colcon.colcon_core.shell:Creating package script '/home/unitree/projects/ModelServer/src/ModelServer/models/go2/spacemouse/ros2/install/robot_state/share/robot_state/package.bash'
[20.101s] INFO:colcon.colcon_core.shell:Creating package script '/home/unitree/projects/ModelServer/src/ModelServer/models/go2/spacemouse/ros2/install/robot_state/share/robot_state/package.zsh'
[20.101s] Level 1:colcon.colcon_core.environment:create_file_with_runtime_dependencies(/home/unitree/projects/ModelServer/src/ModelServer/models/go2/spacemouse/ros2/install/robot_state/share/colcon-core/packages/robot_state)
[20.102s] DEBUG:colcon.colcon_parallel_executor.executor.parallel:closing loop
[20.103s] DEBUG:colcon.colcon_parallel_executor.executor.parallel:loop closed
[20.103s] DEBUG:colcon.colcon_parallel_executor.executor.parallel:run_until_complete finished with '0'
[20.103s] DEBUG:colcon.colcon_core.event_reactor:joining thread
[20.185s] INFO:colcon.colcon_core.plugin_system:Skipping extension 'colcon_notification.desktop_notification.terminal_notifier': Not used on non-Darwin systems
[20.185s] INFO:colcon.colcon_core.plugin_system:Skipping extension 'colcon_notification.desktop_notification.win32': Not used on non-Windows systems
[20.185s] INFO:colcon.colcon_notification.desktop_notification:Sending desktop notification using 'notify2'
[20.209s] DEBUG:colcon.colcon_notification.desktop_notification.notify2:Failed to initialize notify2: org.freedesktop.DBus.Error.Spawn.ChildExited: Process org.freedesktop.Notifications exited with status 1
[20.210s] DEBUG:colcon.colcon_core.event_reactor:joined thread
[20.282s] INFO:colcon.colcon_core.shell:Creating prefix script '/home/unitree/projects/ModelServer/src/ModelServer/models/go2/spacemouse/ros2/install/local_setup.ps1'
[20.284s] INFO:colcon.colcon_core.shell:Creating prefix util module '/home/unitree/projects/ModelServer/src/ModelServer/models/go2/spacemouse/ros2/install/_local_setup_util_ps1.py'
[20.286s] INFO:colcon.colcon_core.shell:Creating prefix chain script '/home/unitree/projects/ModelServer/src/ModelServer/models/go2/spacemouse/ros2/install/setup.ps1'
[20.358s] INFO:colcon.colcon_core.shell:Creating prefix script '/home/unitree/projects/ModelServer/src/ModelServer/models/go2/spacemouse/ros2/install/local_setup.sh'
[20.359s] INFO:colcon.colcon_core.shell:Creating prefix util module '/home/unitree/projects/ModelServer/src/ModelServer/models/go2/spacemouse/ros2/install/_local_setup_util_sh.py'
[20.360s] INFO:colcon.colcon_core.shell:Creating prefix chain script '/home/unitree/projects/ModelServer/src/ModelServer/models/go2/spacemouse/ros2/install/setup.sh'
[20.432s] INFO:colcon.colcon_core.shell:Creating prefix script '/home/unitree/projects/ModelServer/src/ModelServer/models/go2/spacemouse/ros2/install/local_setup.bash'
[20.433s] INFO:colcon.colcon_core.shell:Creating prefix chain script '/home/unitree/projects/ModelServer/src/ModelServer/models/go2/spacemouse/ros2/install/setup.bash'
[20.506s] INFO:colcon.colcon_core.shell:Creating prefix script '/home/unitree/projects/ModelServer/src/ModelServer/models/go2/spacemouse/ros2/install/local_setup.zsh'
[20.507s] INFO:colcon.colcon_core.shell:Creating prefix chain script '/home/unitree/projects/ModelServer/src/ModelServer/models/go2/spacemouse/ros2/install/setup.zsh'
